2024-07-22 15:12:18 INFO log.py:21: Yasb - Yet Another Status Bar
2024-07-22 15:12:20 DEBUG __init__.py:143: CoInitializeEx(None, 2)
2024-07-22 15:12:20 DEBUG unknwn.py:385: Release <POINTER(IMMDeviceEnumerator) ptr=0x25f5a37ef70 at 25f5cc3b7d0>
2024-07-22 15:12:20 DEBUG win32.py:58: Looking up time zone info from registry
2024-07-22 15:12:24 INFO weather.py:110: Fetched new weather data at 2024-07-22 15:12:24.098445
2024-07-22 15:12:24 INFO bar_manager.py:70: Starting KomorebiEventListener...
2024-07-22 15:12:24 INFO bar_manager.py:70: Starting SystemEventListener...
2024-07-22 15:12:24 INFO event_listener.py:52: Created named pipe yasb-be8fd0fc-47f9-11ef-a63f-a2d76830328d
2024-07-22 15:12:24 INFO event_listener.py:106: Waiting for Komorebi to subscribe to named pipe yasb-be8fd0fc-47f9-11ef-a63f-a2d76830328d
2024-07-22 15:12:24 INFO watcher.py:39: Created file watcher for path C:\Users\beboy\.config\yasb
2024-07-22 15:12:24 INFO event_listener.py:118: Komorebi connected to named pipe: yasb-be8fd0fc-47f9-11ef-a63f-a2d76830328d
2024-07-22 15:12:25 INFO weather.py:110: Fetched new weather data at 2024-07-22 15:12:25.130843
2024-07-22 15:13:03 INFO tray.py:147: Reloading Application...
2024-07-22 15:13:03 INFO log.py:21: Yasb - Yet Another Status Bar
2024-07-22 15:13:04 DEBUG __init__.py:143: CoInitializeEx(None, 2)
2024-07-22 15:13:04 DEBUG unknwn.py:385: Release <POINTER(IMMDeviceEnumerator) ptr=0x17a8d903bd0 at 17a8f372dd0>
2024-07-22 15:13:04 DEBUG win32.py:58: Looking up time zone info from registry
2024-07-22 15:13:04 INFO bar_manager.py:70: Starting SystemEventListener...
2024-07-22 15:13:05 INFO bar_manager.py:70: Starting KomorebiEventListener...
2024-07-22 15:13:05 INFO event_listener.py:52: Created named pipe yasb-d6ef523a-47f9-11ef-b640-a2d76830328d
2024-07-22 15:13:05 INFO event_listener.py:106: Waiting for Komorebi to subscribe to named pipe yasb-d6ef523a-47f9-11ef-b640-a2d76830328d
2024-07-22 15:13:05 INFO watcher.py:39: Created file watcher for path C:\Users\beboy\.config\yasb
2024-07-22 15:13:05 INFO event_listener.py:118: Komorebi connected to named pipe: yasb-d6ef523a-47f9-11ef-b640-a2d76830328d
2024-07-22 15:13:05 INFO weather.py:110: Fetched new weather data at 2024-07-22 15:13:05.530812
2024-07-22 15:13:05 INFO weather.py:110: Fetched new weather data at 2024-07-22 15:13:05.975956
2024-07-22 15:13:54 INFO tray.py:112: Created shortcut at C:\Users\beboy\AppData\Roaming\Microsoft\Windows\Start Menu\Programs\Startup\yasb.lnk
2024-07-22 15:14:16 WARNING event_listener.py:83: Pipe has been ended: (109, 'PeekNamedPipe', 'The pipe has been ended.')
2024-07-22 15:14:16 INFO event_listener.py:93: Attempting to reconnect...
2024-07-22 15:14:21 INFO event_listener.py:52: Created named pipe yasb-d6ef523a-47f9-11ef-b640-a2d76830328d
2024-07-22 15:14:21 INFO event_listener.py:106: Waiting for Komorebi to subscribe to named pipe yasb-d6ef523a-47f9-11ef-b640-a2d76830328d
2024-07-22 15:14:21 WARNING event_listener.py:111: Komorebi failed to subscribe named pipe. Waiting for subscription...
2024-07-22 15:14:31 INFO event_listener.py:118: Komorebi connected to named pipe: yasb-d6ef523a-47f9-11ef-b640-a2d76830328d
2024-07-22 15:22:48 INFO bar_manager.py:77: Stopping SystemEventListener...
2024-07-22 15:22:49 INFO bar_manager.py:77: Stopping KomorebiEventListener...
2024-07-22 15:22:49 INFO event_listener.py:93: Attempting to reconnect...
2024-07-22 15:22:50 INFO bar_manager.py:70: Starting SystemEventListener...
2024-07-22 15:22:50 INFO bar_manager.py:70: Starting KomorebiEventListener...
2024-07-22 15:22:50 INFO bar_manager.py:60: Successfully loaded updated config and re-initialised all bars.
2024-07-22 15:22:50 INFO event_listener.py:52: Created named pipe yasb-33c13a8d-47fb-11ef-b3b0-a2d76830328d
2024-07-22 15:22:50 INFO event_listener.py:106: Waiting for Komorebi to subscribe to named pipe yasb-33c13a8d-47fb-11ef-b3b0-a2d76830328d
2024-07-22 15:22:50 INFO event_listener.py:118: Komorebi connected to named pipe: yasb-33c13a8d-47fb-11ef-b3b0-a2d76830328d
2024-07-22 15:22:52 INFO weather.py:110: Fetched new weather data at 2024-07-22 15:22:52.383659
2024-07-22 15:22:52 INFO weather.py:110: Fetched new weather data at 2024-07-22 15:22:52.413193
2024-07-22 15:23:21 INFO bar_manager.py:77: Stopping SystemEventListener...
2024-07-22 15:23:22 INFO bar_manager.py:77: Stopping KomorebiEventListener...
2024-07-22 15:23:22 INFO event_listener.py:93: Attempting to reconnect...
2024-07-22 15:23:22 INFO bar_manager.py:70: Starting SystemEventListener...
2024-07-22 15:23:22 INFO bar_manager.py:70: Starting KomorebiEventListener...
2024-07-22 15:23:22 INFO bar_manager.py:60: Successfully loaded updated config and re-initialised all bars.
2024-07-22 15:23:22 INFO event_listener.py:52: Created named pipe yasb-472daf97-47fb-11ef-96b3-a2d76830328d
2024-07-22 15:23:22 INFO event_listener.py:106: Waiting for Komorebi to subscribe to named pipe yasb-472daf97-47fb-11ef-96b3-a2d76830328d
2024-07-22 15:23:22 INFO event_listener.py:118: Komorebi connected to named pipe: yasb-472daf97-47fb-11ef-96b3-a2d76830328d
2024-07-22 15:23:25 INFO weather.py:110: Fetched new weather data at 2024-07-22 15:23:25.504975
2024-07-22 15:23:25 INFO weather.py:110: Fetched new weather data at 2024-07-22 15:23:25.619614
2024-07-22 15:24:18 INFO tray.py:147: Reloading Application...
2024-07-22 15:24:19 INFO log.py:21: Yasb - Yet Another Status Bar
2024-07-22 15:24:19 DEBUG __init__.py:143: CoInitializeEx(None, 2)
2024-07-22 15:24:19 DEBUG unknwn.py:385: Release <POINTER(IMMDeviceEnumerator) ptr=0x21feab9b9b0 at 21fec462dd0>
2024-07-22 15:24:20 INFO bar_manager.py:70: Starting KomorebiEventListener...
2024-07-22 15:24:20 INFO bar_manager.py:70: Starting SystemEventListener...
2024-07-22 15:24:20 INFO event_listener.py:52: Created named pipe yasb-69990d32-47fb-11ef-a442-a2d76830328d
2024-07-22 15:24:20 INFO event_listener.py:106: Waiting for Komorebi to subscribe to named pipe yasb-69990d32-47fb-11ef-a442-a2d76830328d
2024-07-22 15:24:20 INFO watcher.py:39: Created file watcher for path C:\Users\beboy\.config\yasb
2024-07-22 15:24:20 INFO event_listener.py:118: Komorebi connected to named pipe: yasb-69990d32-47fb-11ef-a442-a2d76830328d
2024-07-22 15:24:21 INFO weather.py:110: Fetched new weather data at 2024-07-22 15:24:21.863203
2024-07-22 15:24:21 INFO weather.py:110: Fetched new weather data at 2024-07-22 15:24:21.911159
2024-07-22 15:24:54 WARNING event_listener.py:83: Pipe has been ended: (109, 'PeekNamedPipe', 'The pipe has been ended.')
2024-07-22 15:24:54 INFO event_listener.py:93: Attempting to reconnect...
2024-07-22 15:24:59 INFO event_listener.py:52: Created named pipe yasb-69990d32-47fb-11ef-a442-a2d76830328d
2024-07-22 15:24:59 INFO event_listener.py:106: Waiting for Komorebi to subscribe to named pipe yasb-69990d32-47fb-11ef-a442-a2d76830328d
2024-07-22 15:24:59 WARNING event_listener.py:111: Komorebi failed to subscribe named pipe. Waiting for subscription...
2024-07-22 15:25:01 INFO bar_manager.py:77: Stopping KomorebiEventListener...
2024-07-22 15:25:02 INFO bar_manager.py:77: Stopping SystemEventListener...
2024-07-22 15:25:03 INFO tray.py:152: Exiting Application...
2024-07-22 15:25:03 DEBUG unknwn.py:35: Calling CoUninitialize()
2024-07-22 15:25:03 DEBUG unknwn.py:47: CoUninitialize() done.
2024-07-22 15:25:38 INFO log.py:21: Yasb - Yet Another Status Bar
2024-07-22 15:25:39 DEBUG __init__.py:143: CoInitializeEx(None, 2)
2024-07-22 15:25:39 DEBUG unknwn.py:385: Release <POINTER(IMMDeviceEnumerator) ptr=0x26d7950b370 at 26d7aee2dd0>
2024-07-22 15:25:40 INFO bar_manager.py:70: Starting KomorebiEventListener...
2024-07-22 15:25:40 INFO bar_manager.py:70: Starting SystemEventListener...
2024-07-22 15:25:40 INFO event_listener.py:52: Created named pipe yasb-98fba1d7-47fb-11ef-ac18-a2d76830328d
2024-07-22 15:25:40 INFO event_listener.py:106: Waiting for Komorebi to subscribe to named pipe yasb-98fba1d7-47fb-11ef-ac18-a2d76830328d
2024-07-22 15:25:40 INFO watcher.py:39: Created file watcher for path C:\Users\beboy\.config\yasb
2024-07-22 15:25:40 WARNING event_listener.py:111: Komorebi failed to subscribe named pipe. Waiting for subscription...
2024-07-22 15:25:41 INFO weather.py:110: Fetched new weather data at 2024-07-22 15:25:41.332736
2024-07-22 15:25:49 INFO weather.py:110: Fetched new weather data at 2024-07-22 15:25:49.626555
2024-07-22 15:28:06 INFO bar_manager.py:77: Stopping KomorebiEventListener...
2024-07-22 15:28:07 INFO bar_manager.py:77: Stopping SystemEventListener...
2024-07-22 15:28:08 DEBUG win32.py:58: Looking up time zone info from registry
2024-07-22 15:28:08 INFO bar_manager.py:70: Starting KomorebiEventListener...
2024-07-22 15:28:08 INFO bar_manager.py:70: Starting SystemEventListener...
2024-07-22 15:28:08 INFO event_listener.py:52: Created named pipe yasb-f141ea5e-47fb-11ef-8c42-a2d76830328d
2024-07-22 15:28:08 INFO bar_manager.py:60: Successfully loaded updated config and re-initialised all bars.
2024-07-22 15:28:08 INFO event_listener.py:106: Waiting for Komorebi to subscribe to named pipe yasb-f141ea5e-47fb-11ef-8c42-a2d76830328d
2024-07-22 15:28:08 WARNING event_listener.py:111: Komorebi failed to subscribe named pipe. Waiting for subscription...
2024-07-22 15:28:10 INFO weather.py:110: Fetched new weather data at 2024-07-22 15:28:10.132856
2024-07-22 15:28:10 INFO weather.py:110: Fetched new weather data at 2024-07-22 15:28:10.157858
2024-07-22 15:29:10 INFO bar_manager.py:77: Stopping KomorebiEventListener...
2024-07-22 15:29:11 INFO bar_manager.py:77: Stopping SystemEventListener...
2024-07-22 15:29:12 INFO bar_manager.py:70: Starting KomorebiEventListener...
2024-07-22 15:29:12 INFO bar_manager.py:70: Starting SystemEventListener...
2024-07-22 15:29:12 INFO event_listener.py:52: Created named pipe yasb-1753d5db-47fc-11ef-a22c-a2d76830328d
2024-07-22 15:29:12 INFO bar_manager.py:60: Successfully loaded updated config and re-initialised all bars.
2024-07-22 15:29:12 INFO event_listener.py:106: Waiting for Komorebi to subscribe to named pipe yasb-1753d5db-47fc-11ef-a22c-a2d76830328d
2024-07-22 15:29:12 WARNING event_listener.py:111: Komorebi failed to subscribe named pipe. Waiting for subscription...
2024-07-22 15:29:14 INFO weather.py:110: Fetched new weather data at 2024-07-22 15:29:14.179945
2024-07-22 15:29:18 INFO weather.py:110: Fetched new weather data at 2024-07-22 15:29:18.800891
2024-07-22 15:29:22 INFO bar_manager.py:77: Stopping KomorebiEventListener...
2024-07-22 15:29:23 INFO bar_manager.py:77: Stopping SystemEventListener...
2024-07-22 15:29:24 INFO bar_manager.py:70: Starting KomorebiEventListener...
2024-07-22 15:29:24 INFO bar_manager.py:70: Starting SystemEventListener...
2024-07-22 15:29:24 INFO event_listener.py:52: Created named pipe yasb-1e8d2a50-47fc-11ef-9527-a2d76830328d
2024-07-22 15:29:24 INFO bar_manager.py:60: Successfully loaded updated config and re-initialised all bars.
2024-07-22 15:29:24 INFO event_listener.py:106: Waiting for Komorebi to subscribe to named pipe yasb-1e8d2a50-47fc-11ef-9527-a2d76830328d
2024-07-22 15:29:24 WARNING event_listener.py:111: Komorebi failed to subscribe named pipe. Waiting for subscription...
2024-07-22 15:29:25 INFO weather.py:110: Fetched new weather data at 2024-07-22 15:29:25.286328
2024-07-22 15:29:25 INFO weather.py:110: Fetched new weather data at 2024-07-22 15:29:25.397096
2024-07-22 15:30:25 INFO bar_manager.py:77: Stopping KomorebiEventListener...
2024-07-22 15:30:25 INFO bar_manager.py:77: Stopping SystemEventListener...
2024-07-22 15:30:26 INFO bar_manager.py:70: Starting KomorebiEventListener...
2024-07-22 15:30:26 INFO bar_manager.py:70: Starting SystemEventListener...
2024-07-22 15:30:26 INFO bar_manager.py:60: Successfully loaded updated config and re-initialised all bars.
2024-07-22 15:30:26 INFO event_listener.py:52: Created named pipe yasb-43d9e128-47fc-11ef-b373-a2d76830328d
2024-07-22 15:30:26 INFO event_listener.py:106: Waiting for Komorebi to subscribe to named pipe yasb-43d9e128-47fc-11ef-b373-a2d76830328d
2024-07-22 15:30:26 WARNING event_listener.py:111: Komorebi failed to subscribe named pipe. Waiting for subscription...
2024-07-22 15:30:27 INFO weather.py:110: Fetched new weather data at 2024-07-22 15:30:27.792332
2024-07-22 15:30:27 INFO weather.py:110: Fetched new weather data at 2024-07-22 15:30:27.822405
2024-07-22 15:30:44 INFO bar_manager.py:77: Stopping KomorebiEventListener...
2024-07-22 15:30:44 INFO bar_manager.py:77: Stopping SystemEventListener...
2024-07-22 15:30:45 INFO bar_manager.py:70: Starting KomorebiEventListener...
2024-07-22 15:30:45 INFO bar_manager.py:70: Starting SystemEventListener...
2024-07-22 15:30:45 INFO event_listener.py:52: Created named pipe yasb-4f235215-47fc-11ef-8683-a2d76830328d
2024-07-22 15:30:45 INFO bar_manager.py:60: Successfully loaded updated config and re-initialised all bars.
2024-07-22 15:30:45 INFO event_listener.py:106: Waiting for Komorebi to subscribe to named pipe yasb-4f235215-47fc-11ef-8683-a2d76830328d
2024-07-22 15:30:45 WARNING event_listener.py:111: Komorebi failed to subscribe named pipe. Waiting for subscription...
2024-07-22 15:30:48 INFO weather.py:110: Fetched new weather data at 2024-07-22 15:30:48.794655
2024-07-22 15:30:49 INFO weather.py:110: Fetched new weather data at 2024-07-22 15:30:49.187186
2024-07-22 15:33:10 ERROR applications.py:38: Exception occurred: [WinError 2] The system cannot find the file specified "C:\Users\amn\AppData\Local\Discord\Update.exe --processStart Discord.exe"
2024-07-22 15:35:18 INFO event_listener.py:118: Komorebi connected to named pipe: yasb-4f235215-47fc-11ef-8683-a2d76830328d
2024-07-22 15:40:39 INFO bar_manager.py:45: Successfully loaded updated stylesheet and applied to all bars.
2024-07-22 15:41:28 WARNING event_listener.py:83: Pipe has been ended: (109, 'PeekNamedPipe', 'The pipe has been ended.')
2024-07-22 15:41:28 INFO event_listener.py:93: Attempting to reconnect...
2024-07-22 15:41:32 INFO tray.py:147: Reloading Application...
2024-07-22 15:41:33 INFO log.py:21: Yasb - Yet Another Status Bar
2024-07-22 15:41:33 DEBUG __init__.py:143: CoInitializeEx(None, 2)
2024-07-22 15:41:33 DEBUG unknwn.py:385: Release <POINTER(IMMDeviceEnumerator) ptr=0x23d9ab232a0 at 23d9c592dd0>
2024-07-22 15:41:33 DEBUG win32.py:58: Looking up time zone info from registry
2024-07-22 15:41:34 INFO bar_manager.py:70: Starting KomorebiEventListener...
2024-07-22 15:41:34 INFO bar_manager.py:70: Starting SystemEventListener...
2024-07-22 15:41:34 INFO event_listener.py:52: Created named pipe yasb-d1ee5148-47fd-11ef-a83f-a2d76830328d
2024-07-22 15:41:34 INFO event_listener.py:106: Waiting for Komorebi to subscribe to named pipe yasb-d1ee5148-47fd-11ef-a83f-a2d76830328d
2024-07-22 15:41:34 INFO watcher.py:39: Created file watcher for path C:\Users\beboy\.config\yasb
2024-07-22 15:41:34 WARNING event_listener.py:111: Komorebi failed to subscribe named pipe. Waiting for subscription...
2024-07-22 15:41:35 INFO weather.py:110: Fetched new weather data at 2024-07-22 15:41:35.915937
2024-07-22 15:41:36 INFO weather.py:110: Fetched new weather data at 2024-07-22 15:41:36.137837
2024-07-22 15:41:54 INFO event_listener.py:118: Komorebi connected to named pipe: yasb-d1ee5148-47fd-11ef-a83f-a2d76830328d
2024-07-22 15:49:52 INFO bar_manager.py:45: Successfully loaded updated stylesheet and applied to all bars.
2024-07-22 15:49:57 INFO tray.py:147: Reloading Application...
2024-07-22 15:49:57 INFO log.py:21: Yasb - Yet Another Status Bar
2024-07-22 15:49:58 DEBUG __init__.py:143: CoInitializeEx(None, 2)
2024-07-22 15:49:58 DEBUG unknwn.py:385: Release <POINTER(IMMDeviceEnumerator) ptr=0x1dd14a9d430 at 1dd163e2dd0>
2024-07-22 15:49:58 DEBUG win32.py:58: Looking up time zone info from registry
2024-07-22 15:49:59 INFO bar_manager.py:70: Starting KomorebiEventListener...
2024-07-22 15:49:59 INFO bar_manager.py:70: Starting SystemEventListener...
2024-07-22 15:49:59 INFO event_listener.py:52: Created named pipe yasb-fe93377b-47fe-11ef-8c96-a2d76830328d
2024-07-22 15:49:59 INFO event_listener.py:106: Waiting for Komorebi to subscribe to named pipe yasb-fe93377b-47fe-11ef-8c96-a2d76830328d
2024-07-22 15:49:59 INFO watcher.py:39: Created file watcher for path C:\Users\beboy\.config\yasb
2024-07-22 15:49:59 INFO event_listener.py:118: Komorebi connected to named pipe: yasb-fe93377b-47fe-11ef-8c96-a2d76830328d
2024-07-22 15:50:00 INFO weather.py:110: Fetched new weather data at 2024-07-22 15:50:00.322872
2024-07-22 15:50:01 INFO weather.py:110: Fetched new weather data at 2024-07-22 15:50:01.712426
2024-07-22 15:56:45 INFO bar_manager.py:45: Successfully loaded updated stylesheet and applied to all bars.
2024-07-22 15:56:58 INFO tray.py:147: Reloading Application...
2024-07-22 15:56:58 INFO log.py:21: Yasb - Yet Another Status Bar
2024-07-22 15:56:59 DEBUG __init__.py:143: CoInitializeEx(None, 2)
2024-07-22 15:56:59 DEBUG unknwn.py:385: Release <POINTER(IMMDeviceEnumerator) ptr=0x17056d3a990 at 17059482dd0>
2024-07-22 15:56:59 DEBUG win32.py:58: Looking up time zone info from registry
2024-07-22 15:57:00 INFO bar_manager.py:70: Starting SystemEventListener...
2024-07-22 15:57:00 INFO bar_manager.py:70: Starting KomorebiEventListener...
2024-07-22 15:57:00 INFO event_listener.py:52: Created named pipe yasb-f99a325a-47ff-11ef-a7f8-a2d76830328d
2024-07-22 15:57:00 INFO event_listener.py:106: Waiting for Komorebi to subscribe to named pipe yasb-f99a325a-47ff-11ef-a7f8-a2d76830328d
2024-07-22 15:57:00 INFO watcher.py:39: Created file watcher for path C:\Users\beboy\.config\yasb
2024-07-22 15:57:00 INFO event_listener.py:118: Komorebi connected to named pipe: yasb-f99a325a-47ff-11ef-a7f8-a2d76830328d
2024-07-22 15:57:01 INFO weather.py:110: Fetched new weather data at 2024-07-22 15:57:01.375254
2024-07-22 15:57:01 INFO weather.py:110: Fetched new weather data at 2024-07-22 15:57:01.957851
2024-07-22 16:01:29 INFO bar_manager.py:45: Successfully loaded updated stylesheet and applied to all bars.
2024-07-22 16:01:39 WARNING event_listener.py:83: Pipe has been ended: (109, 'PeekNamedPipe', 'The pipe has been ended.')
2024-07-22 16:01:39 INFO event_listener.py:93: Attempting to reconnect...
2024-07-22 16:01:44 INFO event_listener.py:52: Created named pipe yasb-f99a325a-47ff-11ef-a7f8-a2d76830328d
2024-07-22 16:01:44 INFO event_listener.py:106: Waiting for Komorebi to subscribe to named pipe yasb-f99a325a-47ff-11ef-a7f8-a2d76830328d
2024-07-22 16:01:44 INFO event_listener.py:118: Komorebi connected to named pipe: yasb-f99a325a-47ff-11ef-a7f8-a2d76830328d
2024-07-22 16:11:16 ERROR applications.py:38: Exception occurred: [WinError 2] The system cannot find the file specified "C:\Users\amn\AppData\Local\Programs\Microsoft VS Code\Code.exe"
2024-07-22 16:14:11 INFO bar_manager.py:45: Successfully loaded updated stylesheet and applied to all bars.
2024-07-22 16:22:55 INFO log.py:21: Yasb - Yet Another Status Bar
2024-07-22 16:22:56 DEBUG __init__.py:143: CoInitializeEx(None, 2)
2024-07-22 16:22:56 DEBUG unknwn.py:385: Release <POINTER(IMMDeviceEnumerator) ptr=0x209e6251c80 at 209e7c42dd0>
2024-07-22 16:22:56 DEBUG win32.py:58: Looking up time zone info from registry
2024-07-22 16:22:57 INFO bar_manager.py:70: Starting KomorebiEventListener...
2024-07-22 16:22:57 INFO bar_manager.py:70: Starting SystemEventListener...
2024-07-22 16:22:57 INFO event_listener.py:52: Created named pipe yasb-99c852c3-4803-11ef-b731-a2d76830328d
2024-07-22 16:22:57 INFO event_listener.py:106: Waiting for Komorebi to subscribe to named pipe yasb-99c852c3-4803-11ef-b731-a2d76830328d
2024-07-22 16:22:57 INFO watcher.py:39: Created file watcher for path C:\Users\beboy\.config\yasb
2024-07-22 16:22:58 INFO event_listener.py:118: Komorebi connected to named pipe: yasb-99c852c3-4803-11ef-b731-a2d76830328d
2024-07-22 16:22:58 INFO weather.py:110: Fetched new weather data at 2024-07-22 16:22:58.843600
2024-07-22 16:22:59 INFO weather.py:110: Fetched new weather data at 2024-07-22 16:22:59.171718
2024-07-22 16:23:20 WARNING event_listener.py:83: Pipe has been ended: (109, 'PeekNamedPipe', 'The pipe has been ended.')
2024-07-22 16:23:20 INFO event_listener.py:93: Attempting to reconnect...
2024-07-22 16:23:27 INFO event_listener.py:52: Created named pipe yasb-99c852c3-4803-11ef-b731-a2d76830328d
2024-07-22 16:23:28 INFO event_listener.py:106: Waiting for Komorebi to subscribe to named pipe yasb-99c852c3-4803-11ef-b731-a2d76830328d
2024-07-22 16:23:28 WARNING event_listener.py:111: Komorebi failed to subscribe named pipe. Waiting for subscription...
2024-07-22 16:30:16 INFO event_listener.py:118: Komorebi connected to named pipe: yasb-99c852c3-4803-11ef-b731-a2d76830328d
2024-07-22 16:30:49 INFO bar_manager.py:77: Stopping KomorebiEventListener...
2024-07-22 16:30:49 INFO event_listener.py:93: Attempting to reconnect...
2024-07-22 16:30:49 INFO bar_manager.py:77: Stopping SystemEventListener...
2024-07-22 16:30:50 INFO tray.py:152: Exiting Application...
2024-07-22 16:30:50 DEBUG unknwn.py:35: Calling CoUninitialize()
2024-07-22 16:30:50 DEBUG unknwn.py:47: CoUninitialize() done.
2024-07-22 16:33:15 INFO log.py:21: Yasb - Yet Another Status Bar
2024-07-22 16:33:17 DEBUG __init__.py:143: CoInitializeEx(None, 2)
2024-07-22 16:33:17 DEBUG unknwn.py:385: Release <POINTER(IMMDeviceEnumerator) ptr=0x251e55fd4a0 at 251e7022dd0>
2024-07-22 16:33:17 DEBUG win32.py:58: Looking up time zone info from registry
2024-07-22 16:33:21 INFO bar_manager.py:70: Starting SystemEventListener...
2024-07-22 16:33:21 INFO bar_manager.py:70: Starting KomorebiEventListener...
2024-07-22 16:33:21 INFO event_listener.py:52: Created named pipe yasb-0dc680dc-4805-11ef-853c-bdd0331c8f85
2024-07-22 16:33:21 INFO event_listener.py:106: Waiting for Komorebi to subscribe to named pipe yasb-0dc680dc-4805-11ef-853c-bdd0331c8f85
2024-07-22 16:33:21 INFO watcher.py:39: Created file watcher for path C:\Users\beboy\.config\yasb
2024-07-22 16:33:21 INFO weather.py:110: Fetched new weather data at 2024-07-22 16:33:21.723450
2024-07-22 16:33:21 WARNING event_listener.py:111: Komorebi failed to subscribe named pipe. Waiting for subscription...
2024-07-22 16:33:22 INFO weather.py:110: Fetched new weather data at 2024-07-22 16:33:22.143779
2024-07-22 16:33:47 DEBUG unknwn.py:35: Calling CoUninitialize()
2024-07-22 16:33:47 DEBUG unknwn.py:47: CoUninitialize() done.
2024-07-22 16:35:32 INFO log.py:21: Yasb - Yet Another Status Bar
2024-07-22 16:35:34 DEBUG __init__.py:143: CoInitializeEx(None, 2)
2024-07-22 16:35:34 DEBUG unknwn.py:385: Release <POINTER(IMMDeviceEnumerator) ptr=0x2973ef8d7d0 at 29740872ed0>
2024-07-22 16:35:34 DEBUG win32.py:58: Looking up time zone info from registry
2024-07-22 16:35:36 INFO weather.py:110: Fetched new weather data at 2024-07-22 16:35:36.038990
2024-07-22 16:35:38 INFO bar_manager.py:70: Starting SystemEventListener...
2024-07-22 16:35:38 INFO bar_manager.py:70: Starting KomorebiEventListener...
2024-07-22 16:35:38 INFO event_listener.py:52: Created named pipe yasb-5f94cc35-4805-11ef-b88d-00155d467c8f
2024-07-22 16:35:38 INFO event_listener.py:106: Waiting for Komorebi to subscribe to named pipe yasb-5f94cc35-4805-11ef-b88d-00155d467c8f
2024-07-22 16:35:38 INFO watcher.py:39: Created file watcher for path C:\Users\beboy\.config\yasb
2024-07-22 16:35:39 WARNING event_listener.py:111: Komorebi failed to subscribe named pipe. Waiting for subscription...
2024-07-22 16:35:39 INFO weather.py:110: Fetched new weather data at 2024-07-22 16:35:39.542413
2024-07-22 16:36:09 INFO event_listener.py:118: Komorebi connected to named pipe: yasb-5f94cc35-4805-11ef-b88d-00155d467c8f
2024-07-22 16:44:44 INFO tray.py:147: Reloading Application...
2024-07-22 16:44:46 INFO log.py:21: Yasb - Yet Another Status Bar
2024-07-22 16:44:48 DEBUG __init__.py:143: CoInitializeEx(None, 2)
2024-07-22 16:44:48 DEBUG unknwn.py:385: Release <POINTER(IMMDeviceEnumerator) ptr=0x2088da50510 at 2088f442ed0>
2024-07-22 16:44:48 DEBUG win32.py:58: Looking up time zone info from registry
2024-07-22 16:44:49 INFO weather.py:110: Fetched new weather data at 2024-07-22 16:44:49.747021
2024-07-22 16:44:51 INFO bar_manager.py:70: Starting SystemEventListener...
2024-07-22 16:44:51 INFO bar_manager.py:70: Starting KomorebiEventListener...
2024-07-22 16:44:51 INFO event_listener.py:52: Created named pipe yasb-a9154a6b-4806-11ef-9537-00155d467c8f
2024-07-22 16:44:51 INFO event_listener.py:106: Waiting for Komorebi to subscribe to named pipe yasb-a9154a6b-4806-11ef-9537-00155d467c8f
2024-07-22 16:44:51 INFO watcher.py:39: Created file watcher for path C:\Users\beboy\.config\yasb
2024-07-22 16:44:51 INFO event_listener.py:118: Komorebi connected to named pipe: yasb-a9154a6b-4806-11ef-9537-00155d467c8f
2024-07-22 16:44:52 INFO weather.py:110: Fetched new weather data at 2024-07-22 16:44:52.412280
2024-07-22 16:48:02 INFO bar_manager.py:77: Stopping SystemEventListener...
2024-07-22 16:48:03 INFO bar_manager.py:77: Stopping KomorebiEventListener...
2024-07-22 16:48:03 INFO event_listener.py:93: Attempting to reconnect...
2024-07-22 16:48:03 INFO bar_manager.py:70: Starting SystemEventListener...
2024-07-22 16:48:04 INFO bar_manager.py:70: Starting KomorebiEventListener...
2024-07-22 16:48:04 INFO bar_manager.py:60: Successfully loaded updated config and re-initialised all bars.
2024-07-22 16:48:04 INFO event_listener.py:52: Created named pipe yasb-1bcf2815-4807-11ef-8d90-00155d467c8f
2024-07-22 16:48:04 INFO event_listener.py:106: Waiting for Komorebi to subscribe to named pipe yasb-1bcf2815-4807-11ef-8d90-00155d467c8f
2024-07-22 16:48:04 INFO event_listener.py:118: Komorebi connected to named pipe: yasb-1bcf2815-4807-11ef-8d90-00155d467c8f
2024-07-22 16:48:05 INFO weather.py:110: Fetched new weather data at 2024-07-22 16:48:05.912697
2024-07-22 16:48:05 INFO weather.py:110: Fetched new weather data at 2024-07-22 16:48:05.939209
2024-07-22 16:48:24 INFO bar_manager.py:77: Stopping SystemEventListener...
2024-07-22 16:48:25 INFO bar_manager.py:77: Stopping KomorebiEventListener...
2024-07-22 16:48:25 INFO event_listener.py:93: Attempting to reconnect...
2024-07-22 16:48:25 INFO bar_manager.py:70: Starting SystemEventListener...
2024-07-22 16:48:25 INFO bar_manager.py:70: Starting KomorebiEventListener...
2024-07-22 16:48:25 INFO bar_manager.py:60: Successfully loaded updated config and re-initialised all bars.
2024-07-22 16:48:25 INFO event_listener.py:52: Created named pipe yasb-28d3593c-4807-11ef-ac07-00155d467c8f
2024-07-22 16:48:25 INFO event_listener.py:106: Waiting for Komorebi to subscribe to named pipe yasb-28d3593c-4807-11ef-ac07-00155d467c8f
2024-07-22 16:48:26 INFO event_listener.py:118: Komorebi connected to named pipe: yasb-28d3593c-4807-11ef-ac07-00155d467c8f
2024-07-22 16:48:27 INFO weather.py:110: Fetched new weather data at 2024-07-22 16:48:27.752203
2024-07-22 16:48:27 INFO weather.py:110: Fetched new weather data at 2024-07-22 16:48:27.822856
2024-07-22 16:48:39 INFO bar_manager.py:77: Stopping SystemEventListener...
2024-07-22 16:48:39 INFO bar_manager.py:77: Stopping KomorebiEventListener...
2024-07-22 16:48:39 INFO event_listener.py:93: Attempting to reconnect...
2024-07-22 16:48:40 INFO bar_manager.py:70: Starting SystemEventListener...
2024-07-22 16:48:40 INFO bar_manager.py:70: Starting KomorebiEventListener...
2024-07-22 16:48:40 INFO bar_manager.py:60: Successfully loaded updated config and re-initialised all bars.
2024-07-22 16:48:40 INFO event_listener.py:52: Created named pipe yasb-31a38c6e-4807-11ef-8768-00155d467c8f
2024-07-22 16:48:40 INFO event_listener.py:106: Waiting for Komorebi to subscribe to named pipe yasb-31a38c6e-4807-11ef-8768-00155d467c8f
2024-07-22 16:48:40 INFO event_listener.py:118: Komorebi connected to named pipe: yasb-31a38c6e-4807-11ef-8768-00155d467c8f
2024-07-22 16:48:41 INFO weather.py:110: Fetched new weather data at 2024-07-22 16:48:41.680162
2024-07-22 16:48:41 INFO weather.py:110: Fetched new weather data at 2024-07-22 16:48:41.706507
2024-07-22 16:49:48 INFO log.py:21: Yasb - Yet Another Status Bar
2024-07-22 16:49:48 DEBUG __init__.py:143: CoInitializeEx(None, 2)
2024-07-22 16:49:48 DEBUG unknwn.py:385: Release <POINTER(IMMDeviceEnumerator) ptr=0x22780f9f200 at 22782992dd0>
2024-07-22 16:49:48 DEBUG win32.py:58: Looking up time zone info from registry
2024-07-22 16:49:49 INFO bar_manager.py:70: Starting SystemEventListener...
2024-07-22 16:49:49 INFO bar_manager.py:70: Starting KomorebiEventListener...
2024-07-22 16:49:49 INFO event_listener.py:52: Created named pipe yasb-5addb5e4-4807-11ef-83d0-00155d467c8f
2024-07-22 16:49:49 INFO event_listener.py:106: Waiting for Komorebi to subscribe to named pipe yasb-5addb5e4-4807-11ef-83d0-00155d467c8f
2024-07-22 16:49:49 INFO watcher.py:39: Created file watcher for path C:\Users\beboy\.config\yasb
2024-07-22 16:49:49 INFO event_listener.py:118: Komorebi connected to named pipe: yasb-5addb5e4-4807-11ef-83d0-00155d467c8f
2024-07-22 16:49:51 INFO weather.py:110: Fetched new weather data at 2024-07-22 16:49:51.627921
2024-07-22 16:49:51 INFO weather.py:110: Fetched new weather data at 2024-07-22 16:49:51.653976
2024-07-22 16:51:45 ERROR applications.py:38: Exception occurred: [WinError 2] The system cannot find the file specified "wt"
2024-07-22 17:02:28 INFO bar_manager.py:77: Stopping SystemEventListener...
2024-07-22 17:02:29 INFO bar_manager.py:77: Stopping KomorebiEventListener...
2024-07-22 17:02:29 INFO event_listener.py:93: Attempting to reconnect...
2024-07-22 17:02:30 WARNING widget_builder.py:38: No widget config could be found for widget 'apps
2024-07-22 17:02:30 WARNING widget_builder.py:35: Ignoring construction of invalid widget 'apps'
2024-07-22 17:02:30 INFO bar_manager.py:70: Starting SystemEventListener...
2024-07-22 17:02:30 INFO bar_manager.py:70: Starting KomorebiEventListener...
2024-07-22 17:02:30 INFO event_listener.py:52: Created named pipe yasb-2015f551-4809-11ef-ba52-00155d467c8f
2024-07-22 17:02:30 INFO event_listener.py:106: Waiting for Komorebi to subscribe to named pipe yasb-2015f551-4809-11ef-ba52-00155d467c8f
2024-07-22 17:02:30 INFO event_listener.py:118: Komorebi connected to named pipe: yasb-2015f551-4809-11ef-ba52-00155d467c8f
2024-07-22 17:02:32 INFO weather.py:110: Fetched new weather data at 2024-07-22 17:02:32.099153
2024-07-22 17:02:32 INFO weather.py:110: Fetched new weather data at 2024-07-22 17:02:32.122181
2024-07-22 17:05:37 INFO bar_manager.py:77: Stopping SystemEventListener...
2024-07-22 17:05:37 INFO bar_manager.py:77: Stopping KomorebiEventListener...
2024-07-22 17:05:37 INFO event_listener.py:93: Attempting to reconnect...
2024-07-22 17:05:38 ERROR widget_builder.py:70: Failed to import widget 'apps'
Traceback (most recent call last):
  File "C:\Users\beboy\.config\yasb\core\utils\widget_builder.py", line 62, in _build_widget
    return widget_cls(**normalized_options)
           ^^^^^^^^^^^^^^^^^^^^^^^^^^^^^^^^
TypeError: ApplicationsWidget.__init__() missing 1 required positional argument: 'app_list'
2024-07-22 17:05:38 ERROR widget_builder.py:70: Failed to import widget 'apps'
Traceback (most recent call last):
  File "C:\Users\beboy\.config\yasb\core\utils\widget_builder.py", line 62, in _build_widget
    return widget_cls(**normalized_options)
           ^^^^^^^^^^^^^^^^^^^^^^^^^^^^^^^^
TypeError: ApplicationsWidget.__init__() missing 1 required positional argument: 'app_list'
2024-07-22 17:05:38 INFO bar_manager.py:70: Starting SystemEventListener...
2024-07-22 17:05:38 INFO bar_manager.py:70: Starting KomorebiEventListener...
2024-07-22 17:05:38 INFO bar_manager.py:60: Successfully loaded updated config and re-initialised all bars.
2024-07-22 17:05:38 INFO event_listener.py:52: Created named pipe yasb-9066cd10-4809-11ef-abfa-00155d467c8f
2024-07-22 17:05:38 INFO event_listener.py:106: Waiting for Komorebi to subscribe to named pipe yasb-9066cd10-4809-11ef-abfa-00155d467c8f
2024-07-22 17:05:38 INFO event_listener.py:118: Komorebi connected to named pipe: yasb-9066cd10-4809-11ef-abfa-00155d467c8f
2024-07-22 17:05:39 INFO weather.py:110: Fetched new weather data at 2024-07-22 17:05:39.677488
2024-07-22 17:05:39 INFO weather.py:110: Fetched new weather data at 2024-07-22 17:05:39.700995
2024-07-22 17:05:40 INFO bar_manager.py:60: Successfully loaded updated config and re-initialised all bars.
2024-07-22 17:08:32 INFO bar_manager.py:77: Stopping SystemEventListener...
2024-07-22 17:08:32 INFO bar_manager.py:77: Stopping KomorebiEventListener...
2024-07-22 17:08:32 INFO event_listener.py:93: Attempting to reconnect...
2024-07-22 17:08:33 ERROR widget_builder.py:70: Failed to import widget 'apps'
Traceback (most recent call last):
  File "C:\Users\beboy\.config\yasb\core\utils\widget_builder.py", line 62, in _build_widget
    return widget_cls(**normalized_options)
           ^^^^^^^^^^^^^^^^^^^^^^^^^^^^^^^^
TypeError: ApplicationsWidget.__init__() missing 1 required positional argument: 'app_list'
2024-07-22 17:08:33 ERROR widget_builder.py:70: Failed to import widget 'apps'
Traceback (most recent call last):
  File "C:\Users\beboy\.config\yasb\core\utils\widget_builder.py", line 62, in _build_widget
    return widget_cls(**normalized_options)
           ^^^^^^^^^^^^^^^^^^^^^^^^^^^^^^^^
TypeError: ApplicationsWidget.__init__() missing 1 required positional argument: 'app_list'
2024-07-22 17:08:33 INFO bar_manager.py:70: Starting SystemEventListener...
2024-07-22 17:08:33 INFO bar_manager.py:70: Starting KomorebiEventListener...
2024-07-22 17:08:33 INFO bar_manager.py:60: Successfully loaded updated config and re-initialised all bars.
2024-07-22 17:08:33 INFO event_listener.py:52: Created named pipe yasb-f8a02a78-4809-11ef-a09c-00155d467c8f
2024-07-22 17:08:33 INFO event_listener.py:106: Waiting for Komorebi to subscribe to named pipe yasb-f8a02a78-4809-11ef-a09c-00155d467c8f
2024-07-22 17:08:33 INFO event_listener.py:118: Komorebi connected to named pipe: yasb-f8a02a78-4809-11ef-a09c-00155d467c8f
2024-07-22 17:10:02 INFO bar_manager.py:77: Stopping SystemEventListener...
2024-07-22 17:10:03 INFO bar_manager.py:77: Stopping KomorebiEventListener...
2024-07-22 17:10:03 INFO event_listener.py:93: Attempting to reconnect...
2024-07-22 17:10:03 INFO bar_manager.py:70: Starting SystemEventListener...
2024-07-22 17:10:03 INFO bar_manager.py:70: Starting KomorebiEventListener...
2024-07-22 17:10:03 INFO bar_manager.py:60: Successfully loaded updated config and re-initialised all bars.
2024-07-22 17:10:03 INFO event_listener.py:52: Created named pipe yasb-2e6bbde2-480a-11ef-92e0-00155d467c8f
2024-07-22 17:10:03 INFO event_listener.py:106: Waiting for Komorebi to subscribe to named pipe yasb-2e6bbde2-480a-11ef-92e0-00155d467c8f
2024-07-22 17:10:03 INFO event_listener.py:118: Komorebi connected to named pipe: yasb-2e6bbde2-480a-11ef-92e0-00155d467c8f
2024-07-22 17:11:26 INFO log.py:21: Yasb - Yet Another Status Bar
2024-07-22 17:11:26 DEBUG win32.py:58: Looking up time zone info from registry
2024-07-22 17:11:27 INFO bar_manager.py:70: Starting SystemEventListener...
2024-07-22 17:11:27 INFO bar_manager.py:70: Starting KomorebiEventListener...
2024-07-22 17:11:27 INFO event_listener.py:52: Created named pipe yasb-60547873-480a-11ef-b4e2-00155d467c8f
2024-07-22 17:11:27 INFO event_listener.py:106: Waiting for Komorebi to subscribe to named pipe yasb-60547873-480a-11ef-b4e2-00155d467c8f
2024-07-22 17:11:27 INFO watcher.py:39: Created file watcher for path C:\Users\beboy\.config\yasb
2024-07-22 17:11:27 INFO event_listener.py:118: Komorebi connected to named pipe: yasb-60547873-480a-11ef-b4e2-00155d467c8f
2024-07-22 17:13:32 INFO tray.py:147: Reloading Application...
2024-07-22 17:13:32 INFO log.py:21: Yasb - Yet Another Status Bar
2024-07-22 17:13:32 DEBUG win32.py:58: Looking up time zone info from registry
2024-07-22 17:13:33 INFO bar_manager.py:70: Starting KomorebiEventListener...
2024-07-22 17:13:33 INFO bar_manager.py:70: Starting SystemEventListener...
2024-07-22 17:13:33 INFO event_listener.py:52: Created named pipe yasb-ab775de9-480a-11ef-8dae-00155d467c8f
2024-07-22 17:13:33 INFO event_listener.py:106: Waiting for Komorebi to subscribe to named pipe yasb-ab775de9-480a-11ef-8dae-00155d467c8f
2024-07-22 17:13:33 INFO watcher.py:39: Created file watcher for path C:\Users\beboy\.config\yasb
2024-07-22 17:13:33 INFO event_listener.py:118: Komorebi connected to named pipe: yasb-ab775de9-480a-11ef-8dae-00155d467c8f
2024-07-22 17:14:39 INFO bar_manager.py:77: Stopping KomorebiEventListener...
2024-07-22 17:14:39 INFO event_listener.py:93: Attempting to reconnect...
2024-07-22 17:14:40 INFO bar_manager.py:77: Stopping SystemEventListener...
2024-07-22 17:14:40 INFO bar_manager.py:70: Starting KomorebiEventListener...
2024-07-22 17:14:40 INFO bar_manager.py:70: Starting SystemEventListener...
2024-07-22 17:14:40 INFO event_listener.py:52: Created named pipe yasb-d38090c6-480a-11ef-835d-00155d467c8f
2024-07-22 17:14:40 INFO bar_manager.py:60: Successfully loaded updated config and re-initialised all bars.
2024-07-22 17:14:40 INFO event_listener.py:106: Waiting for Komorebi to subscribe to named pipe yasb-d38090c6-480a-11ef-835d-00155d467c8f
2024-07-22 17:14:40 INFO event_listener.py:118: Komorebi connected to named pipe: yasb-d38090c6-480a-11ef-835d-00155d467c8f
2024-07-22 17:16:07 INFO bar_manager.py:77: Stopping KomorebiEventListener...
2024-07-22 17:16:07 INFO event_listener.py:93: Attempting to reconnect...
2024-07-22 17:16:08 INFO bar_manager.py:77: Stopping SystemEventListener...
2024-07-22 17:16:09 INFO bar_manager.py:70: Starting KomorebiEventListener...
2024-07-22 17:16:09 INFO bar_manager.py:70: Starting SystemEventListener...
2024-07-22 17:16:09 INFO event_listener.py:52: Created named pipe yasb-08254056-480b-11ef-a289-00155d467c8f
2024-07-22 17:16:09 INFO bar_manager.py:60: Successfully loaded updated config and re-initialised all bars.
2024-07-22 17:16:09 INFO event_listener.py:106: Waiting for Komorebi to subscribe to named pipe yasb-08254056-480b-11ef-a289-00155d467c8f
2024-07-22 17:16:09 INFO event_listener.py:118: Komorebi connected to named pipe: yasb-08254056-480b-11ef-a289-00155d467c8f
2024-07-22 17:18:13 INFO tray.py:147: Reloading Application...
2024-07-22 17:18:13 INFO log.py:21: Yasb - Yet Another Status Bar
2024-07-22 17:18:14 DEBUG win32.py:58: Looking up time zone info from registry
2024-07-22 17:18:15 INFO bar_manager.py:70: Starting KomorebiEventListener...
2024-07-22 17:18:15 INFO bar_manager.py:70: Starting SystemEventListener...
2024-07-22 17:18:15 INFO event_listener.py:52: Created named pipe yasb-53427f38-480b-11ef-9bc4-00155d467c8f
2024-07-22 17:18:15 INFO event_listener.py:106: Waiting for Komorebi to subscribe to named pipe yasb-53427f38-480b-11ef-9bc4-00155d467c8f
2024-07-22 17:18:15 INFO watcher.py:39: Created file watcher for path C:\Users\beboy\.config\yasb
2024-07-22 17:18:15 INFO event_listener.py:118: Komorebi connected to named pipe: yasb-53427f38-480b-11ef-9bc4-00155d467c8f
2024-07-22 17:19:33 WARNING event_listener.py:83: Pipe has been ended: (109, 'PeekNamedPipe', 'The pipe has been ended.')
2024-07-22 17:19:33 INFO event_listener.py:93: Attempting to reconnect...
2024-07-22 17:19:38 INFO event_listener.py:52: Created named pipe yasb-53427f38-480b-11ef-9bc4-00155d467c8f
2024-07-22 17:19:38 INFO event_listener.py:106: Waiting for Komorebi to subscribe to named pipe yasb-53427f38-480b-11ef-9bc4-00155d467c8f
2024-07-22 17:19:38 WARNING event_listener.py:111: Komorebi failed to subscribe named pipe. Waiting for subscription...
2024-07-22 17:19:48 INFO event_listener.py:118: Komorebi connected to named pipe: yasb-53427f38-480b-11ef-9bc4-00155d467c8f
2024-07-22 17:31:19 INFO bar_manager.py:77: Stopping KomorebiEventListener...
2024-07-22 17:31:19 INFO event_listener.py:93: Attempting to reconnect...
2024-07-22 17:31:19 INFO bar_manager.py:77: Stopping SystemEventListener...
2024-07-22 17:31:20 INFO bar_manager.py:70: Starting KomorebiEventListener...
2024-07-22 17:31:20 INFO bar_manager.py:70: Starting SystemEventListener...
2024-07-22 17:31:20 INFO event_listener.py:52: Created named pipe yasb-27697460-480d-11ef-9425-00155d467c8f
2024-07-22 17:31:20 INFO bar_manager.py:60: Successfully loaded updated config and re-initialised all bars.
2024-07-22 17:31:20 INFO event_listener.py:106: Waiting for Komorebi to subscribe to named pipe yasb-27697460-480d-11ef-9425-00155d467c8f
2024-07-22 17:31:20 INFO event_listener.py:118: Komorebi connected to named pipe: yasb-27697460-480d-11ef-9425-00155d467c8f
2024-07-22 17:31:57 INFO bar_manager.py:77: Stopping KomorebiEventListener...
2024-07-22 17:31:57 INFO event_listener.py:93: Attempting to reconnect...
2024-07-22 17:31:58 INFO bar_manager.py:77: Stopping SystemEventListener...
2024-07-22 17:31:58 INFO bar_manager.py:70: Starting KomorebiEventListener...
2024-07-22 17:31:58 INFO bar_manager.py:70: Starting SystemEventListener...
2024-07-22 17:31:58 INFO event_listener.py:52: Created named pipe yasb-3e58427d-480d-11ef-a3e9-00155d467c8f
2024-07-22 17:31:58 INFO bar_manager.py:60: Successfully loaded updated config and re-initialised all bars.
2024-07-22 17:31:58 INFO event_listener.py:106: Waiting for Komorebi to subscribe to named pipe yasb-3e58427d-480d-11ef-a3e9-00155d467c8f
2024-07-22 17:31:59 INFO event_listener.py:118: Komorebi connected to named pipe: yasb-3e58427d-480d-11ef-a3e9-00155d467c8f
2024-07-22 17:32:07 INFO bar_manager.py:77: Stopping KomorebiEventListener...
2024-07-22 17:32:07 INFO event_listener.py:93: Attempting to reconnect...
2024-07-22 17:32:08 INFO bar_manager.py:77: Stopping SystemEventListener...
2024-07-22 17:32:08 INFO bar_manager.py:70: Starting KomorebiEventListener...
2024-07-22 17:32:08 INFO bar_manager.py:70: Starting SystemEventListener...
2024-07-22 17:32:08 INFO event_listener.py:52: Created named pipe yasb-4433cf3f-480d-11ef-8216-00155d467c8f
2024-07-22 17:32:08 INFO bar_manager.py:60: Successfully loaded updated config and re-initialised all bars.
2024-07-22 17:32:08 INFO event_listener.py:106: Waiting for Komorebi to subscribe to named pipe yasb-4433cf3f-480d-11ef-8216-00155d467c8f
2024-07-22 17:32:08 INFO event_listener.py:118: Komorebi connected to named pipe: yasb-4433cf3f-480d-11ef-8216-00155d467c8f
2024-07-22 17:32:27 INFO bar_manager.py:77: Stopping KomorebiEventListener...
2024-07-22 17:32:27 INFO event_listener.py:93: Attempting to reconnect...
2024-07-22 17:32:27 INFO bar_manager.py:77: Stopping SystemEventListener...
2024-07-22 17:32:28 INFO bar_manager.py:70: Starting KomorebiEventListener...
2024-07-22 17:32:28 INFO bar_manager.py:70: Starting SystemEventListener...
2024-07-22 17:32:28 INFO event_listener.py:52: Created named pipe yasb-50091d40-480d-11ef-9976-00155d467c8f
2024-07-22 17:32:28 INFO bar_manager.py:60: Successfully loaded updated config and re-initialised all bars.
2024-07-22 17:32:28 INFO event_listener.py:106: Waiting for Komorebi to subscribe to named pipe yasb-50091d40-480d-11ef-9976-00155d467c8f
2024-07-22 17:32:28 INFO event_listener.py:118: Komorebi connected to named pipe: yasb-50091d40-480d-11ef-9976-00155d467c8f
2024-07-22 17:32:53 INFO bar_manager.py:77: Stopping KomorebiEventListener...
2024-07-22 17:32:53 INFO event_listener.py:93: Attempting to reconnect...
2024-07-22 17:32:54 INFO bar_manager.py:77: Stopping SystemEventListener...
2024-07-22 17:32:54 INFO bar_manager.py:70: Starting KomorebiEventListener...
2024-07-22 17:32:54 INFO bar_manager.py:70: Starting SystemEventListener...
2024-07-22 17:32:54 INFO event_listener.py:52: Created named pipe yasb-5fa4cca5-480d-11ef-967e-00155d467c8f
2024-07-22 17:32:54 INFO bar_manager.py:60: Successfully loaded updated config and re-initialised all bars.
2024-07-22 17:32:54 INFO event_listener.py:106: Waiting for Komorebi to subscribe to named pipe yasb-5fa4cca5-480d-11ef-967e-00155d467c8f
2024-07-22 17:32:54 INFO event_listener.py:118: Komorebi connected to named pipe: yasb-5fa4cca5-480d-11ef-967e-00155d467c8f
2024-07-22 17:33:09 WARNING event_listener.py:83: Pipe has been ended: (109, 'PeekNamedPipe', 'The pipe has been ended.')
2024-07-22 17:33:09 INFO event_listener.py:93: Attempting to reconnect...
2024-07-22 17:33:14 INFO event_listener.py:52: Created named pipe yasb-5fa4cca5-480d-11ef-967e-00155d467c8f
2024-07-22 17:33:14 INFO event_listener.py:106: Waiting for Komorebi to subscribe to named pipe yasb-5fa4cca5-480d-11ef-967e-00155d467c8f
2024-07-22 17:33:14 WARNING event_listener.py:111: Komorebi failed to subscribe named pipe. Waiting for subscription...
2024-07-22 17:33:38 INFO tray.py:147: Reloading Application...
2024-07-22 17:33:38 INFO log.py:21: Yasb - Yet Another Status Bar
2024-07-22 17:33:38 DEBUG win32.py:58: Looking up time zone info from registry
2024-07-22 17:33:39 INFO bar_manager.py:70: Starting SystemEventListener...
2024-07-22 17:33:39 INFO bar_manager.py:70: Starting KomorebiEventListener...
2024-07-22 17:33:39 INFO event_listener.py:52: Created named pipe yasb-7a3ef90c-480d-11ef-8104-00155d467c8f
2024-07-22 17:33:39 INFO event_listener.py:106: Waiting for Komorebi to subscribe to named pipe yasb-7a3ef90c-480d-11ef-8104-00155d467c8f
2024-07-22 17:33:39 INFO watcher.py:39: Created file watcher for path C:\Users\beboy\.config\yasb
2024-07-22 17:33:39 WARNING event_listener.py:111: Komorebi failed to subscribe named pipe. Waiting for subscription...
2024-07-22 17:34:19 INFO event_listener.py:118: Komorebi connected to named pipe: yasb-7a3ef90c-480d-11ef-8104-00155d467c8f
2024-07-22 17:37:25 WARNING event_listener.py:83: Pipe has been ended: (109, 'PeekNamedPipe', 'The pipe has been ended.')
2024-07-22 17:37:25 INFO event_listener.py:93: Attempting to reconnect...
2024-07-22 17:37:30 INFO event_listener.py:52: Created named pipe yasb-7a3ef90c-480d-11ef-8104-00155d467c8f
2024-07-22 17:37:30 INFO event_listener.py:106: Waiting for Komorebi to subscribe to named pipe yasb-7a3ef90c-480d-11ef-8104-00155d467c8f
2024-07-22 17:37:30 WARNING event_listener.py:111: Komorebi failed to subscribe named pipe. Waiting for subscription...
2024-07-22 17:37:44 INFO tray.py:147: Reloading Application...
2024-07-22 17:37:45 INFO log.py:21: Yasb - Yet Another Status Bar
2024-07-22 17:37:45 DEBUG win32.py:58: Looking up time zone info from registry
2024-07-22 17:37:45 INFO bar_manager.py:70: Starting KomorebiEventListener...
2024-07-22 17:37:45 INFO bar_manager.py:70: Starting SystemEventListener...
2024-07-22 17:37:45 INFO event_listener.py:52: Created named pipe yasb-0d23c164-480e-11ef-a0eb-00155d467c8f
2024-07-22 17:37:45 INFO event_listener.py:106: Waiting for Komorebi to subscribe to named pipe yasb-0d23c164-480e-11ef-a0eb-00155d467c8f
2024-07-22 17:37:45 INFO watcher.py:39: Created file watcher for path C:\Users\beboy\.config\yasb
2024-07-22 17:37:46 WARNING event_listener.py:111: Komorebi failed to subscribe named pipe. Waiting for subscription...
2024-07-22 17:42:49 INFO log.py:21: Yasb - Yet Another Status Bar
2024-07-22 17:42:49 DEBUG win32.py:58: Looking up time zone info from registry
2024-07-22 17:42:53 INFO bar_manager.py:70: Starting KomorebiEventListener...
2024-07-22 17:42:53 INFO bar_manager.py:70: Starting SystemEventListener...
2024-07-22 17:42:53 INFO event_listener.py:52: Created named pipe yasb-c4a29c30-480e-11ef-a978-00155d467c8f
2024-07-22 17:42:53 INFO event_listener.py:106: Waiting for Komorebi to subscribe to named pipe yasb-c4a29c30-480e-11ef-a978-00155d467c8f
2024-07-22 17:42:53 INFO watcher.py:39: Created file watcher for path C:\Users\beboy\.config\yasb
2024-07-22 17:42:54 WARNING event_listener.py:111: Komorebi failed to subscribe named pipe. Waiting for subscription...
2024-07-22 17:43:14 INFO event_listener.py:118: Komorebi connected to named pipe: yasb-c4a29c30-480e-11ef-a978-00155d467c8f
2024-07-22 17:45:28 WARNING event_listener.py:83: Pipe has been ended: (109, 'PeekNamedPipe', 'The pipe has been ended.')
2024-07-22 17:45:28 INFO event_listener.py:93: Attempting to reconnect...
2024-07-22 17:45:33 INFO event_listener.py:52: Created named pipe yasb-c4a29c30-480e-11ef-a978-00155d467c8f
2024-07-22 17:45:33 INFO event_listener.py:106: Waiting for Komorebi to subscribe to named pipe yasb-c4a29c30-480e-11ef-a978-00155d467c8f
2024-07-22 17:45:33 WARNING event_listener.py:111: Komorebi failed to subscribe named pipe. Waiting for subscription...
2024-07-22 20:11:03 INFO log.py:21: Yasb - Yet Another Status Bar
2024-07-22 20:11:04 DEBUG win32.py:58: Looking up time zone info from registry
2024-07-22 20:11:08 INFO bar_manager.py:70: Starting SystemEventListener...
2024-07-22 20:11:08 INFO bar_manager.py:70: Starting KomorebiEventListener...
2024-07-22 20:11:08 INFO event_listener.py:52: Created named pipe yasb-7a67f270-4823-11ef-b8a9-a2d76830328d
2024-07-22 20:11:08 INFO event_listener.py:106: Waiting for Komorebi to subscribe to named pipe yasb-7a67f270-4823-11ef-b8a9-a2d76830328d
2024-07-22 20:11:08 INFO watcher.py:39: Created file watcher for path C:\Users\beboy\.config\yasb
2024-07-22 20:11:08 WARNING event_listener.py:111: Komorebi failed to subscribe named pipe. Waiting for subscription...
2024-07-22 20:17:19 INFO log.py:21: Yasb - Yet Another Status Bar
2024-07-22 20:17:20 DEBUG win32.py:58: Looking up time zone info from registry
2024-07-22 20:17:23 INFO bar_manager.py:70: Starting SystemEventListener...
2024-07-22 20:17:23 INFO bar_manager.py:70: Starting KomorebiEventListener...
2024-07-22 20:17:24 INFO event_listener.py:52: Created named pipe yasb-5a1d1ea6-4824-11ef-a122-00155d82ce00
2024-07-22 20:17:24 INFO event_listener.py:106: Waiting for Komorebi to subscribe to named pipe yasb-5a1d1ea6-4824-11ef-a122-00155d82ce00
2024-07-22 20:17:24 INFO watcher.py:39: Created file watcher for path C:\Users\beboy\.config\yasb
2024-07-22 20:17:24 WARNING event_listener.py:111: Komorebi failed to subscribe named pipe. Waiting for subscription...
2024-07-22 20:25:07 INFO event_listener.py:118: Komorebi connected to named pipe: yasb-5a1d1ea6-4824-11ef-a122-00155d82ce00
2024-07-22 20:32:12 WARNING event_listener.py:83: Pipe has been ended: (109, 'PeekNamedPipe', 'The pipe has been ended.')
2024-07-22 20:32:12 INFO event_listener.py:93: Attempting to reconnect...
2024-07-22 20:32:17 INFO event_listener.py:52: Created named pipe yasb-5a1d1ea6-4824-11ef-a122-00155d82ce00
2024-07-22 20:32:17 INFO event_listener.py:106: Waiting for Komorebi to subscribe to named pipe yasb-5a1d1ea6-4824-11ef-a122-00155d82ce00
2024-07-22 20:32:17 WARNING event_listener.py:111: Komorebi failed to subscribe named pipe. Waiting for subscription...
2024-07-22 20:32:27 INFO event_listener.py:118: Komorebi connected to named pipe: yasb-5a1d1ea6-4824-11ef-a122-00155d82ce00
2024-07-22 20:47:46 WARNING event_listener.py:83: Pipe has been ended: (109, 'PeekNamedPipe', 'The pipe has been ended.')
2024-07-22 20:47:46 INFO event_listener.py:93: Attempting to reconnect...
2024-07-22 20:47:51 INFO event_listener.py:52: Created named pipe yasb-5a1d1ea6-4824-11ef-a122-00155d82ce00
2024-07-22 20:47:51 INFO event_listener.py:106: Waiting for Komorebi to subscribe to named pipe yasb-5a1d1ea6-4824-11ef-a122-00155d82ce00
2024-07-22 20:47:51 WARNING event_listener.py:111: Komorebi failed to subscribe named pipe. Waiting for subscription...
2024-07-22 20:48:01 INFO event_listener.py:118: Komorebi connected to named pipe: yasb-5a1d1ea6-4824-11ef-a122-00155d82ce00
2024-07-22 21:17:44 INFO bar_manager.py:45: Successfully loaded updated stylesheet and applied to all bars.
2024-07-22 21:19:14 INFO bar_manager.py:45: Successfully loaded updated stylesheet and applied to all bars.
2024-07-22 21:19:24 INFO tray.py:147: Reloading Application...
2024-07-22 21:19:24 INFO log.py:21: Yasb - Yet Another Status Bar
2024-07-22 21:19:25 DEBUG win32.py:58: Looking up time zone info from registry
2024-07-22 21:19:25 INFO bar_manager.py:70: Starting SystemEventListener...
2024-07-22 21:19:26 INFO bar_manager.py:70: Starting KomorebiEventListener...
2024-07-22 21:19:26 INFO event_listener.py:52: Created named pipe yasb-04a1c9ef-482d-11ef-bb3a-00155d82ce00
2024-07-22 21:19:26 INFO event_listener.py:106: Waiting for Komorebi to subscribe to named pipe yasb-04a1c9ef-482d-11ef-bb3a-00155d82ce00
2024-07-22 21:19:26 INFO watcher.py:39: Created file watcher for path C:\Users\beboy\.config\yasb
2024-07-22 21:19:26 INFO event_listener.py:118: Komorebi connected to named pipe: yasb-04a1c9ef-482d-11ef-bb3a-00155d82ce00
2024-07-22 21:21:40 INFO bar_manager.py:45: Successfully loaded updated stylesheet and applied to all bars.
2024-07-22 21:22:46 WARNING event_listener.py:83: Pipe has been ended: (109, 'PeekNamedPipe', 'The pipe has been ended.')
2024-07-22 21:22:46 INFO event_listener.py:93: Attempting to reconnect...
2024-07-22 21:22:51 INFO event_listener.py:52: Created named pipe yasb-04a1c9ef-482d-11ef-bb3a-00155d82ce00
2024-07-22 21:22:51 INFO event_listener.py:106: Waiting for Komorebi to subscribe to named pipe yasb-04a1c9ef-482d-11ef-bb3a-00155d82ce00
2024-07-22 21:22:51 WARNING event_listener.py:111: Komorebi failed to subscribe named pipe. Waiting for subscription...
2024-07-22 21:23:11 INFO event_listener.py:118: Komorebi connected to named pipe: yasb-04a1c9ef-482d-11ef-bb3a-00155d82ce00
2024-07-22 21:24:42 INFO bar_manager.py:45: Successfully loaded updated stylesheet and applied to all bars.
2024-07-22 21:24:51 INFO tray.py:147: Reloading Application...
2024-07-22 21:24:51 INFO log.py:21: Yasb - Yet Another Status Bar
2024-07-22 21:24:52 DEBUG win32.py:58: Looking up time zone info from registry
2024-07-22 21:24:52 INFO bar_manager.py:70: Starting SystemEventListener...
2024-07-22 21:24:53 INFO bar_manager.py:70: Starting KomorebiEventListener...
2024-07-22 21:24:53 INFO event_listener.py:52: Created named pipe yasb-c78a2832-482d-11ef-901c-00155d82ce00
2024-07-22 21:24:53 INFO event_listener.py:106: Waiting for Komorebi to subscribe to named pipe yasb-c78a2832-482d-11ef-901c-00155d82ce00
2024-07-22 21:24:53 INFO watcher.py:39: Created file watcher for path C:\Users\beboy\.config\yasb
2024-07-22 21:24:53 INFO event_listener.py:118: Komorebi connected to named pipe: yasb-c78a2832-482d-11ef-901c-00155d82ce00
2024-07-22 21:25:40 INFO bar_manager.py:45: Successfully loaded updated stylesheet and applied to all bars.
2024-07-22 21:25:59 INFO bar_manager.py:45: Successfully loaded updated stylesheet and applied to all bars.
2024-07-22 21:26:11 INFO bar_manager.py:45: Successfully loaded updated stylesheet and applied to all bars.
2024-07-22 21:26:26 ERROR config.py:94: The file 'C:\Users\beboy\.config\yasb\styles.css' contains Syntax Error(s). Please fix:
Selector: Unexpected CHAR. [105:1: .]
2024-07-22 21:26:26 ERROR config.py:94: The file 'C:\Users\beboy\.config\yasb\styles.css' contains Syntax Error(s). Please fix:
Selector: Unexpected CHAR. [105:1: .]
2024-07-22 21:26:42 ERROR config.py:94: The file 'C:\Users\beboy\.config\yasb\styles.css' contains Syntax Error(s). Please fix:
Selector: Unexpected CHAR. [105:1: .]
2024-07-22 21:27:01 INFO bar_manager.py:45: Successfully loaded updated stylesheet and applied to all bars.
2024-07-22 21:27:24 INFO bar_manager.py:45: Successfully loaded updated stylesheet and applied to all bars.
2024-07-22 21:27:37 INFO bar_manager.py:45: Successfully loaded updated stylesheet and applied to all bars.
2024-07-22 21:27:47 INFO bar_manager.py:45: Successfully loaded updated stylesheet and applied to all bars.
2024-07-22 21:28:03 INFO bar_manager.py:45: Successfully loaded updated stylesheet and applied to all bars.
2024-07-22 21:28:13 INFO bar_manager.py:45: Successfully loaded updated stylesheet and applied to all bars.
2024-07-22 21:28:29 INFO bar_manager.py:45: Successfully loaded updated stylesheet and applied to all bars.
2024-07-22 21:28:37 INFO bar_manager.py:45: Successfully loaded updated stylesheet and applied to all bars.
2024-07-22 21:31:49 INFO bar_manager.py:45: Successfully loaded updated stylesheet and applied to all bars.
2024-07-22 21:32:05 INFO bar_manager.py:45: Successfully loaded updated stylesheet and applied to all bars.
2024-07-22 21:32:19 INFO bar_manager.py:45: Successfully loaded updated stylesheet and applied to all bars.
2024-07-22 21:32:37 INFO bar_manager.py:45: Successfully loaded updated stylesheet and applied to all bars.
2024-07-22 21:32:48 INFO bar_manager.py:45: Successfully loaded updated stylesheet and applied to all bars.
2024-07-22 21:32:59 INFO bar_manager.py:45: Successfully loaded updated stylesheet and applied to all bars.
2024-07-22 21:33:21 INFO bar_manager.py:45: Successfully loaded updated stylesheet and applied to all bars.
