2024-07-30 15:31:19 INFO log.py:21: Yasb - Yet Another Status Bar
2024-07-30 15:31:19 DEBUG proactor_events.py:634: Using proactor: _IocpProactor
2024-07-30 15:31:19 DEBUG win32.py:58: Looking up time zone info from registry
2024-07-30 15:31:20 INFO weather.py:156: Fetched new weather data at 2024-07-30 15:31:20.668832
2024-07-30 15:31:21 DEBUG __init__.py:143: CoInitializeEx(None, 2)
2024-07-30 15:31:21 DEBUG unknwn.py:385: Release <POINTER(IMMDeviceEnumerator) ptr=0x221f18b02a0 at 221f5b80a50>
2024-07-30 15:31:21 INFO weather.py:156: Fetched new weather data at 2024-07-30 15:31:21.913920
2024-07-30 15:31:22 INFO bar_manager.py:70: Starting KomorebiEventListener...
2024-07-30 15:31:22 INFO event_listener.py:52: Created named pipe yasb-b8188ce8-4e45-11ef-9b41-a2d76830328d
2024-07-30 15:31:22 INFO event_listener.py:106: Waiting for Komorebi to subscribe to named pipe yasb-b8188ce8-4e45-11ef-9b41-a2d76830328d
2024-07-30 15:31:22 INFO watcher.py:39: Created file watcher for path C:\Users\beboy\.config\yasb
2024-07-30 15:31:22 DEBUG _windows.py:213: Starting (proactor: <_IocpProactor overlapped#=0 result#=0>)...
2024-07-30 15:31:22 DEBUG _windows.py:192: Thread started
2024-07-30 15:31:22 INFO event_listener.py:118: Komorebi connected to named pipe: yasb-b8188ce8-4e45-11ef-9b41-a2d76830328d
2024-07-30 15:34:59 ERROR config.py:80: The file 'C:\Users\beboy\.config\yasb\config.yaml' contains Parser Error(s). Please fix:
while parsing a block mapping
  in "C:\Users\beboy\.config\yasb\config.yaml", line 1, column 1
expected <block end>, but found '<scalar>'
  in "C:\Users\beboy\.config\yasb\config.yaml", line 281, column 2
2024-07-30 15:34:59 INFO bar_manager.py:77: Stopping KomorebiEventListener...
2024-07-30 15:34:59 INFO event_listener.py:93: Attempting to reconnect...
2024-07-30 15:35:00 INFO weather.py:156: Fetched new weather data at 2024-07-30 15:35:00.239559
2024-07-30 15:35:00 INFO weather.py:156: Fetched new weather data at 2024-07-30 15:35:00.641688
2024-07-30 15:35:00 INFO bar_manager.py:70: Starting KomorebiEventListener...
2024-07-30 15:35:00 INFO bar_manager.py:60: Successfully loaded updated config and re-initialised all bars.
2024-07-30 15:35:00 INFO event_listener.py:52: Created named pipe yasb-3a7a21c8-4e46-11ef-8411-a2d76830328d
2024-07-30 15:35:00 INFO event_listener.py:106: Waiting for Komorebi to subscribe to named pipe yasb-3a7a21c8-4e46-11ef-8411-a2d76830328d
2024-07-30 15:35:00 INFO event_listener.py:118: Komorebi connected to named pipe: yasb-3a7a21c8-4e46-11ef-8411-a2d76830328d
2024-07-30 15:35:15 INFO bar_manager.py:77: Stopping KomorebiEventListener...
2024-07-30 15:35:15 INFO event_listener.py:93: Attempting to reconnect...
2024-07-30 15:35:16 INFO weather.py:156: Fetched new weather data at 2024-07-30 15:35:16.716002
2024-07-30 15:35:17 INFO weather.py:156: Fetched new weather data at 2024-07-30 15:35:17.114117
2024-07-30 15:35:17 INFO bar_manager.py:70: Starting KomorebiEventListener...
2024-07-30 15:35:17 INFO bar_manager.py:60: Successfully loaded updated config and re-initialised all bars.
2024-07-30 15:35:17 INFO event_listener.py:52: Created named pipe yasb-444b3e37-4e46-11ef-a5bd-a2d76830328d
2024-07-30 15:35:17 INFO event_listener.py:106: Waiting for Komorebi to subscribe to named pipe yasb-444b3e37-4e46-11ef-a5bd-a2d76830328d
2024-07-30 15:35:17 INFO event_listener.py:118: Komorebi connected to named pipe: yasb-444b3e37-4e46-11ef-a5bd-a2d76830328d
2024-07-30 15:35:31 INFO bar_manager.py:77: Stopping KomorebiEventListener...
2024-07-30 15:35:31 INFO event_listener.py:93: Attempting to reconnect...
2024-07-30 15:35:32 INFO weather.py:156: Fetched new weather data at 2024-07-30 15:35:32.699465
2024-07-30 15:35:33 INFO weather.py:156: Fetched new weather data at 2024-07-30 15:35:33.088307
2024-07-30 15:35:33 INFO bar_manager.py:70: Starting KomorebiEventListener...
2024-07-30 15:35:33 INFO bar_manager.py:60: Successfully loaded updated config and re-initialised all bars.
2024-07-30 15:35:33 INFO event_listener.py:52: Created named pipe yasb-4dd062a1-4e46-11ef-9106-a2d76830328d
2024-07-30 15:35:33 INFO event_listener.py:106: Waiting for Komorebi to subscribe to named pipe yasb-4dd062a1-4e46-11ef-9106-a2d76830328d
2024-07-30 15:35:33 INFO event_listener.py:118: Komorebi connected to named pipe: yasb-4dd062a1-4e46-11ef-9106-a2d76830328d
2024-07-30 15:35:42 INFO bar_manager.py:77: Stopping KomorebiEventListener...
2024-07-30 15:35:42 INFO event_listener.py:93: Attempting to reconnect...
2024-07-30 15:35:43 INFO weather.py:156: Fetched new weather data at 2024-07-30 15:35:43.425875
2024-07-30 15:35:43 INFO weather.py:156: Fetched new weather data at 2024-07-30 15:35:43.819425
2024-07-30 15:35:43 INFO bar_manager.py:70: Starting KomorebiEventListener...
2024-07-30 15:35:43 INFO bar_manager.py:60: Successfully loaded updated config and re-initialised all bars.
2024-07-30 15:35:43 INFO event_listener.py:52: Created named pipe yasb-5435f084-4e46-11ef-83bb-a2d76830328d
2024-07-30 15:35:43 INFO event_listener.py:106: Waiting for Komorebi to subscribe to named pipe yasb-5435f084-4e46-11ef-83bb-a2d76830328d
2024-07-30 15:35:44 INFO event_listener.py:118: Komorebi connected to named pipe: yasb-5435f084-4e46-11ef-83bb-a2d76830328d
2024-07-30 15:35:50 INFO bar_manager.py:77: Stopping KomorebiEventListener...
2024-07-30 15:35:51 INFO event_listener.py:93: Attempting to reconnect...
2024-07-30 15:35:52 INFO weather.py:156: Fetched new weather data at 2024-07-30 15:35:52.011943
2024-07-30 15:35:52 INFO weather.py:156: Fetched new weather data at 2024-07-30 15:35:52.403548
2024-07-30 15:35:52 INFO bar_manager.py:70: Starting KomorebiEventListener...
2024-07-30 15:35:52 INFO bar_manager.py:60: Successfully loaded updated config and re-initialised all bars.
2024-07-30 15:35:52 INFO event_listener.py:52: Created named pipe yasb-5953efee-4e46-11ef-a1fb-a2d76830328d
2024-07-30 15:35:52 INFO event_listener.py:106: Waiting for Komorebi to subscribe to named pipe yasb-5953efee-4e46-11ef-a1fb-a2d76830328d
2024-07-30 15:35:52 INFO event_listener.py:118: Komorebi connected to named pipe: yasb-5953efee-4e46-11ef-a1fb-a2d76830328d
2024-07-30 15:36:18 WARNING event_listener.py:83: Pipe has been ended: (109, 'PeekNamedPipe', 'The pipe has been ended.')
2024-07-30 15:36:18 INFO event_listener.py:93: Attempting to reconnect...
2024-07-30 15:36:23 INFO event_listener.py:52: Created named pipe yasb-5953efee-4e46-11ef-a1fb-a2d76830328d
2024-07-30 15:36:23 INFO event_listener.py:106: Waiting for Komorebi to subscribe to named pipe yasb-5953efee-4e46-11ef-a1fb-a2d76830328d
2024-07-30 15:36:23 WARNING event_listener.py:111: Komorebi failed to subscribe named pipe. Waiting for subscription...
2024-07-30 15:36:33 INFO event_listener.py:118: Komorebi connected to named pipe: yasb-5953efee-4e46-11ef-a1fb-a2d76830328d
2024-07-30 15:37:09 WARNING event_listener.py:83: Pipe has been ended: (109, 'PeekNamedPipe', 'The pipe has been ended.')
2024-07-30 15:37:09 INFO event_listener.py:93: Attempting to reconnect...
2024-07-30 15:37:14 INFO event_listener.py:52: Created named pipe yasb-5953efee-4e46-11ef-a1fb-a2d76830328d
2024-07-30 15:37:14 INFO event_listener.py:106: Waiting for Komorebi to subscribe to named pipe yasb-5953efee-4e46-11ef-a1fb-a2d76830328d
2024-07-30 15:37:14 WARNING event_listener.py:111: Komorebi failed to subscribe named pipe. Waiting for subscription...
2024-07-30 15:37:24 INFO event_listener.py:118: Komorebi connected to named pipe: yasb-5953efee-4e46-11ef-a1fb-a2d76830328d
2024-07-30 15:37:39 INFO tray.py:147: Reloading Application...
2024-07-30 15:37:40 INFO log.py:21: Yasb - Yet Another Status Bar
2024-07-30 15:37:40 DEBUG proactor_events.py:634: Using proactor: _IocpProactor
2024-07-30 15:37:40 DEBUG win32.py:58: Looking up time zone info from registry
2024-07-30 15:37:41 INFO weather.py:156: Fetched new weather data at 2024-07-30 15:37:41.054635
2024-07-30 15:37:41 DEBUG __init__.py:143: CoInitializeEx(None, 2)
2024-07-30 15:37:41 DEBUG unknwn.py:385: Release <POINTER(IMMDeviceEnumerator) ptr=0x2a43899bb00 at 2a439884850>
2024-07-30 15:37:42 INFO weather.py:156: Fetched new weather data at 2024-07-30 15:37:42.239028
2024-07-30 15:37:42 INFO bar_manager.py:70: Starting KomorebiEventListener...
2024-07-30 15:37:42 INFO event_listener.py:52: Created named pipe yasb-9acb5a9e-4e46-11ef-9838-a2d76830328d
2024-07-30 15:37:42 INFO event_listener.py:106: Waiting for Komorebi to subscribe to named pipe yasb-9acb5a9e-4e46-11ef-9838-a2d76830328d
2024-07-30 15:37:42 INFO watcher.py:39: Created file watcher for path C:\Users\beboy\.config\yasb
2024-07-30 15:37:42 DEBUG _windows.py:213: Starting (proactor: <_IocpProactor overlapped#=0 result#=0>)...
2024-07-30 15:37:42 DEBUG _windows.py:192: Thread started
2024-07-30 15:37:42 INFO event_listener.py:118: Komorebi connected to named pipe: yasb-9acb5a9e-4e46-11ef-9838-a2d76830328d
2024-07-30 15:39:38 INFO bar_manager.py:77: Stopping KomorebiEventListener...
2024-07-30 15:39:38 INFO event_listener.py:93: Attempting to reconnect...
2024-07-30 15:39:39 INFO weather.py:156: Fetched new weather data at 2024-07-30 15:39:39.725089
2024-07-30 15:39:40 INFO weather.py:156: Fetched new weather data at 2024-07-30 15:39:40.182761
2024-07-30 15:39:40 INFO bar_manager.py:70: Starting KomorebiEventListener...
2024-07-30 15:39:40 INFO bar_manager.py:60: Successfully loaded updated config and re-initialised all bars.
2024-07-30 15:39:40 INFO event_listener.py:52: Created named pipe yasb-e119ac7f-4e46-11ef-bde9-a2d76830328d
2024-07-30 15:39:40 INFO event_listener.py:106: Waiting for Komorebi to subscribe to named pipe yasb-e119ac7f-4e46-11ef-bde9-a2d76830328d
2024-07-30 15:39:40 INFO event_listener.py:118: Komorebi connected to named pipe: yasb-e119ac7f-4e46-11ef-bde9-a2d76830328d
2024-07-30 15:41:12 INFO bar_manager.py:45: Successfully loaded updated stylesheet and applied to all bars.
2024-07-30 15:41:21 INFO bar_manager.py:45: Successfully loaded updated stylesheet and applied to all bars.
2024-07-30 15:41:47 INFO bar_manager.py:45: Successfully loaded updated stylesheet and applied to all bars.
2024-07-30 15:42:27 INFO bar_manager.py:45: Successfully loaded updated stylesheet and applied to all bars.
2024-07-30 15:43:46 INFO bar_manager.py:77: Stopping KomorebiEventListener...
2024-07-30 15:43:46 INFO event_listener.py:93: Attempting to reconnect...
2024-07-30 15:43:47 INFO weather.py:156: Fetched new weather data at 2024-07-30 15:43:47.523442
2024-07-30 15:43:47 INFO weather.py:156: Fetched new weather data at 2024-07-30 15:43:47.956411
2024-07-30 15:43:48 INFO bar_manager.py:70: Starting KomorebiEventListener...
2024-07-30 15:43:48 INFO bar_manager.py:60: Successfully loaded updated config and re-initialised all bars.
2024-07-30 15:43:48 INFO event_listener.py:52: Created named pipe yasb-74c86525-4e47-11ef-ae54-a2d76830328d
2024-07-30 15:43:48 INFO event_listener.py:106: Waiting for Komorebi to subscribe to named pipe yasb-74c86525-4e47-11ef-ae54-a2d76830328d
2024-07-30 15:43:48 INFO event_listener.py:118: Komorebi connected to named pipe: yasb-74c86525-4e47-11ef-ae54-a2d76830328d
2024-07-30 15:45:03 DEBUG PngImagePlugin.py:190: STREAM b'IHDR' 16 13
2024-07-30 15:45:03 DEBUG PngImagePlugin.py:190: STREAM b'IDAT' 41 8192
2024-07-30 15:45:03 DEBUG PngImagePlugin.py:190: STREAM b'IHDR' 16 13
2024-07-30 15:45:03 DEBUG PngImagePlugin.py:190: STREAM b'IDAT' 41 8192
2024-07-30 15:45:20 DEBUG PngImagePlugin.py:190: STREAM b'IHDR' 16 13
2024-07-30 15:45:20 DEBUG PngImagePlugin.py:190: STREAM b'IDAT' 41 8192
2024-07-30 15:45:21 DEBUG PngImagePlugin.py:190: STREAM b'IHDR' 16 13
2024-07-30 15:45:21 DEBUG PngImagePlugin.py:190: STREAM b'IDAT' 41 8192
2024-07-30 15:45:38 DEBUG PngImagePlugin.py:190: STREAM b'IHDR' 16 13
2024-07-30 15:45:38 DEBUG PngImagePlugin.py:190: STREAM b'IDAT' 41 8192
2024-07-30 15:45:39 DEBUG PngImagePlugin.py:190: STREAM b'IHDR' 16 13
2024-07-30 15:45:39 DEBUG PngImagePlugin.py:190: STREAM b'IDAT' 41 8192
2024-07-30 15:45:39 DEBUG PngImagePlugin.py:190: STREAM b'IHDR' 16 13
2024-07-30 15:45:39 DEBUG PngImagePlugin.py:190: STREAM b'IDAT' 41 8192
2024-07-30 15:45:40 DEBUG PngImagePlugin.py:190: STREAM b'IHDR' 16 13
2024-07-30 15:45:40 DEBUG PngImagePlugin.py:190: STREAM b'IDAT' 41 8192
2024-07-30 15:45:40 DEBUG PngImagePlugin.py:190: STREAM b'IHDR' 16 13
2024-07-30 15:45:40 DEBUG PngImagePlugin.py:190: STREAM b'IDAT' 41 8192
2024-07-30 15:45:41 DEBUG PngImagePlugin.py:190: STREAM b'IHDR' 16 13
2024-07-30 15:45:41 DEBUG PngImagePlugin.py:190: STREAM b'IDAT' 41 8192
2024-07-30 15:45:42 DEBUG PngImagePlugin.py:190: STREAM b'IHDR' 16 13
2024-07-30 15:45:42 DEBUG PngImagePlugin.py:190: STREAM b'IDAT' 41 8192
2024-07-30 15:45:42 DEBUG PngImagePlugin.py:190: STREAM b'IHDR' 16 13
2024-07-30 15:45:42 DEBUG PngImagePlugin.py:190: STREAM b'IDAT' 41 8192
2024-07-30 15:45:43 DEBUG PngImagePlugin.py:190: STREAM b'IHDR' 16 13
2024-07-30 15:45:43 DEBUG PngImagePlugin.py:190: STREAM b'IDAT' 41 8192
2024-07-30 15:45:44 DEBUG PngImagePlugin.py:190: STREAM b'IHDR' 16 13
2024-07-30 15:45:44 DEBUG PngImagePlugin.py:190: STREAM b'IDAT' 41 8192
2024-07-30 15:45:58 DEBUG PngImagePlugin.py:190: STREAM b'IHDR' 16 13
2024-07-30 15:45:58 DEBUG PngImagePlugin.py:190: STREAM b'IDAT' 41 8192
2024-07-30 15:45:58 DEBUG PngImagePlugin.py:190: STREAM b'IHDR' 16 13
2024-07-30 15:45:58 DEBUG PngImagePlugin.py:190: STREAM b'IDAT' 41 8192
2024-07-30 15:45:58 DEBUG PngImagePlugin.py:190: STREAM b'IHDR' 16 13
2024-07-30 15:45:58 DEBUG PngImagePlugin.py:190: STREAM b'IDAT' 41 8192
2024-07-30 15:45:59 DEBUG PngImagePlugin.py:190: STREAM b'IHDR' 16 13
2024-07-30 15:45:59 DEBUG PngImagePlugin.py:190: STREAM b'IDAT' 41 8192
2024-07-30 15:46:01 DEBUG PngImagePlugin.py:190: STREAM b'IHDR' 16 13
2024-07-30 15:46:01 DEBUG PngImagePlugin.py:190: STREAM b'IDAT' 41 8192
2024-07-30 15:46:02 DEBUG PngImagePlugin.py:190: STREAM b'IHDR' 16 13
2024-07-30 15:46:02 DEBUG PngImagePlugin.py:190: STREAM b'IDAT' 41 8192
2024-07-30 15:46:03 DEBUG PngImagePlugin.py:190: STREAM b'IHDR' 16 13
2024-07-30 15:46:03 DEBUG PngImagePlugin.py:190: STREAM b'IDAT' 41 8192
2024-07-30 15:46:03 DEBUG PngImagePlugin.py:190: STREAM b'IHDR' 16 13
2024-07-30 15:46:03 DEBUG PngImagePlugin.py:190: STREAM b'IDAT' 41 8192
2024-07-30 15:48:36 ERROR main.py:58: Unhandled exception
Traceback (most recent call last):
  File "C:\Users\beboy\.config\yasb\core\bar_manager.py", line 49, in on_config_modified
    config = get_config(show_error_dialog=True)
             ^^^^^^^^^^^^^^^^^^^^^^^^^^^^^^^^^^
  File "C:\Users\beboy\.config\yasb\core\config.py", line 65, in get_config
    config = safe_load(yaml_stream)
             ^^^^^^^^^^^^^^^^^^^^^^
  File "C:\Users\beboy\AppData\Local\Programs\Python\Python312\Lib\site-packages\yaml\__init__.py", line 125, in safe_load
    return load(stream, SafeLoader)
           ^^^^^^^^^^^^^^^^^^^^^^^^
  File "C:\Users\beboy\AppData\Local\Programs\Python\Python312\Lib\site-packages\yaml\__init__.py", line 81, in load
    return loader.get_single_data()
           ^^^^^^^^^^^^^^^^^^^^^^^^
  File "C:\Users\beboy\AppData\Local\Programs\Python\Python312\Lib\site-packages\yaml\constructor.py", line 49, in get_single_data
    node = self.get_single_node()
           ^^^^^^^^^^^^^^^^^^^^^^
  File "C:\Users\beboy\AppData\Local\Programs\Python\Python312\Lib\site-packages\yaml\composer.py", line 36, in get_single_node
    document = self.compose_document()
               ^^^^^^^^^^^^^^^^^^^^^^^
  File "C:\Users\beboy\AppData\Local\Programs\Python\Python312\Lib\site-packages\yaml\composer.py", line 55, in compose_document
    node = self.compose_node(None, None)
           ^^^^^^^^^^^^^^^^^^^^^^^^^^^^^
  File "C:\Users\beboy\AppData\Local\Programs\Python\Python312\Lib\site-packages\yaml\composer.py", line 84, in compose_node
    node = self.compose_mapping_node(anchor)
           ^^^^^^^^^^^^^^^^^^^^^^^^^^^^^^^^^
  File "C:\Users\beboy\AppData\Local\Programs\Python\Python312\Lib\site-packages\yaml\composer.py", line 133, in compose_mapping_node
    item_value = self.compose_node(node, item_key)
                 ^^^^^^^^^^^^^^^^^^^^^^^^^^^^^^^^^
  File "C:\Users\beboy\AppData\Local\Programs\Python\Python312\Lib\site-packages\yaml\composer.py", line 84, in compose_node
    node = self.compose_mapping_node(anchor)
           ^^^^^^^^^^^^^^^^^^^^^^^^^^^^^^^^^
  File "C:\Users\beboy\AppData\Local\Programs\Python\Python312\Lib\site-packages\yaml\composer.py", line 133, in compose_mapping_node
    item_value = self.compose_node(node, item_key)
                 ^^^^^^^^^^^^^^^^^^^^^^^^^^^^^^^^^
  File "C:\Users\beboy\AppData\Local\Programs\Python\Python312\Lib\site-packages\yaml\composer.py", line 84, in compose_node
    node = self.compose_mapping_node(anchor)
           ^^^^^^^^^^^^^^^^^^^^^^^^^^^^^^^^^
  File "C:\Users\beboy\AppData\Local\Programs\Python\Python312\Lib\site-packages\yaml\composer.py", line 133, in compose_mapping_node
    item_value = self.compose_node(node, item_key)
                 ^^^^^^^^^^^^^^^^^^^^^^^^^^^^^^^^^
  File "C:\Users\beboy\AppData\Local\Programs\Python\Python312\Lib\site-packages\yaml\composer.py", line 84, in compose_node
    node = self.compose_mapping_node(anchor)
           ^^^^^^^^^^^^^^^^^^^^^^^^^^^^^^^^^
  File "C:\Users\beboy\AppData\Local\Programs\Python\Python312\Lib\site-packages\yaml\composer.py", line 127, in compose_mapping_node
    while not self.check_event(MappingEndEvent):
              ^^^^^^^^^^^^^^^^^^^^^^^^^^^^^^^^^
  File "C:\Users\beboy\AppData\Local\Programs\Python\Python312\Lib\site-packages\yaml\parser.py", line 98, in check_event
    self.current_event = self.state()
                         ^^^^^^^^^^^^
  File "C:\Users\beboy\AppData\Local\Programs\Python\Python312\Lib\site-packages\yaml\parser.py", line 428, in parse_block_mapping_key
    if self.check_token(KeyToken):
       ^^^^^^^^^^^^^^^^^^^^^^^^^^
  File "C:\Users\beboy\AppData\Local\Programs\Python\Python312\Lib\site-packages\yaml\scanner.py", line 116, in check_token
    self.fetch_more_tokens()
  File "C:\Users\beboy\AppData\Local\Programs\Python\Python312\Lib\site-packages\yaml\scanner.py", line 251, in fetch_more_tokens
    return self.fetch_double()
           ^^^^^^^^^^^^^^^^^^^
  File "C:\Users\beboy\AppData\Local\Programs\Python\Python312\Lib\site-packages\yaml\scanner.py", line 655, in fetch_double
    self.fetch_flow_scalar(style='"')
  File "C:\Users\beboy\AppData\Local\Programs\Python\Python312\Lib\site-packages\yaml\scanner.py", line 666, in fetch_flow_scalar
    self.tokens.append(self.scan_flow_scalar(style))
                       ^^^^^^^^^^^^^^^^^^^^^^^^^^^^
  File "C:\Users\beboy\AppData\Local\Programs\Python\Python312\Lib\site-packages\yaml\scanner.py", line 1151, in scan_flow_scalar
    chunks.extend(self.scan_flow_scalar_spaces(double, start_mark))
                  ^^^^^^^^^^^^^^^^^^^^^^^^^^^^^^^^^^^^^^^^^^^^^^^^
  File "C:\Users\beboy\AppData\Local\Programs\Python\Python312\Lib\site-packages\yaml\scanner.py", line 1238, in scan_flow_scalar_spaces
    raise ScannerError("while scanning a quoted scalar", start_mark,
yaml.scanner.ScannerError: while scanning a quoted scalar
  in "C:\Users\beboy\.config\yasb\config.yaml", line 323, column 34
found unexpected end of stream
  in "C:\Users\beboy\.config\yasb\config.yaml", line 323, column 35
2024-07-30 15:48:36 DEBUG unknwn.py:35: Calling CoUninitialize()
2024-07-30 15:48:36 DEBUG unknwn.py:47: CoUninitialize() done.
2024-07-30 15:48:54 INFO log.py:21: Yasb - Yet Another Status Bar
2024-07-30 15:48:54 DEBUG proactor_events.py:634: Using proactor: _IocpProactor
2024-07-30 15:48:54 DEBUG win32.py:58: Looking up time zone info from registry
2024-07-30 15:48:55 INFO weather.py:156: Fetched new weather data at 2024-07-30 15:48:55.035512
2024-07-30 15:48:55 DEBUG __init__.py:143: CoInitializeEx(None, 2)
2024-07-30 15:48:55 DEBUG unknwn.py:385: Release <POINTER(IMMDeviceEnumerator) ptr=0x1d01f1d2490 at 1d0201bb350>
2024-07-30 15:48:56 INFO weather.py:156: Fetched new weather data at 2024-07-30 15:48:56.350757
2024-07-30 15:48:56 INFO bar_manager.py:70: Starting KomorebiEventListener...
2024-07-30 15:48:56 INFO bar_manager.py:70: Starting SystemEventListener...
2024-07-30 15:48:56 INFO event_listener.py:52: Created named pipe yasb-2c997e84-4e48-11ef-92b1-a2d76830328d
2024-07-30 15:48:56 INFO event_listener.py:106: Waiting for Komorebi to subscribe to named pipe yasb-2c997e84-4e48-11ef-92b1-a2d76830328d
2024-07-30 15:48:56 INFO watcher.py:39: Created file watcher for path C:\Users\beboy\.config\yasb
2024-07-30 15:48:56 DEBUG _windows.py:213: Starting (proactor: <_IocpProactor overlapped#=0 result#=0>)...
2024-07-30 15:48:56 DEBUG _windows.py:192: Thread started
2024-07-30 15:48:56 INFO event_listener.py:118: Komorebi connected to named pipe: yasb-2c997e84-4e48-11ef-92b1-a2d76830328d
2024-07-30 15:49:07 INFO tray.py:147: Reloading Application...
2024-07-30 15:49:07 INFO log.py:21: Yasb - Yet Another Status Bar
2024-07-30 15:49:07 DEBUG proactor_events.py:634: Using proactor: _IocpProactor
2024-07-30 15:49:08 DEBUG win32.py:58: Looking up time zone info from registry
2024-07-30 15:49:08 INFO weather.py:156: Fetched new weather data at 2024-07-30 15:49:08.535834
2024-07-30 15:49:08 DEBUG __init__.py:143: CoInitializeEx(None, 2)
2024-07-30 15:49:08 DEBUG unknwn.py:385: Release <POINTER(IMMDeviceEnumerator) ptr=0x1bf94c6f800 at 1bf95cfb350>
2024-07-30 15:49:10 INFO weather.py:156: Fetched new weather data at 2024-07-30 15:49:10.042436
2024-07-30 15:49:10 INFO bar_manager.py:70: Starting KomorebiEventListener...
2024-07-30 15:49:10 INFO bar_manager.py:70: Starting SystemEventListener...
2024-07-30 15:49:10 INFO event_listener.py:52: Created named pipe yasb-34cce5e6-4e48-11ef-b468-a2d76830328d
2024-07-30 15:49:10 INFO event_listener.py:106: Waiting for Komorebi to subscribe to named pipe yasb-34cce5e6-4e48-11ef-b468-a2d76830328d
2024-07-30 15:49:10 INFO watcher.py:39: Created file watcher for path C:\Users\beboy\.config\yasb
2024-07-30 15:49:10 DEBUG _windows.py:213: Starting (proactor: <_IocpProactor overlapped#=0 result#=0>)...
2024-07-30 15:49:10 DEBUG _windows.py:192: Thread started
2024-07-30 15:49:10 INFO event_listener.py:118: Komorebi connected to named pipe: yasb-34cce5e6-4e48-11ef-b468-a2d76830328d
2024-07-30 15:51:01 INFO bar_manager.py:77: Stopping KomorebiEventListener...
2024-07-30 15:51:01 INFO event_listener.py:93: Attempting to reconnect...
2024-07-30 15:51:02 INFO bar_manager.py:77: Stopping SystemEventListener...
2024-07-30 15:51:03 INFO weather.py:156: Fetched new weather data at 2024-07-30 15:51:03.197339
2024-07-30 15:51:03 INFO weather.py:156: Fetched new weather data at 2024-07-30 15:51:03.647873
2024-07-30 15:51:03 INFO bar_manager.py:70: Starting KomorebiEventListener...
2024-07-30 15:51:03 INFO bar_manager.py:70: Starting SystemEventListener...
2024-07-30 15:51:03 INFO event_listener.py:52: Created named pipe yasb-78792f7c-4e48-11ef-8596-a2d76830328d
2024-07-30 15:51:03 INFO bar_manager.py:60: Successfully loaded updated config and re-initialised all bars.
2024-07-30 15:51:03 INFO event_listener.py:106: Waiting for Komorebi to subscribe to named pipe yasb-78792f7c-4e48-11ef-8596-a2d76830328d
2024-07-30 15:51:03 INFO bar_manager.py:77: Stopping KomorebiEventListener...
2024-07-30 15:51:03 INFO event_listener.py:118: Komorebi connected to named pipe: yasb-78792f7c-4e48-11ef-8596-a2d76830328d
2024-07-30 15:51:04 INFO event_listener.py:93: Attempting to reconnect...
2024-07-30 15:51:04 INFO bar_manager.py:77: Stopping SystemEventListener...
2024-07-30 15:51:05 INFO weather.py:156: Fetched new weather data at 2024-07-30 15:51:05.513299
2024-07-30 15:51:05 INFO weather.py:156: Fetched new weather data at 2024-07-30 15:51:05.979248
2024-07-30 15:51:06 INFO bar_manager.py:70: Starting KomorebiEventListener...
2024-07-30 15:51:06 INFO bar_manager.py:70: Starting SystemEventListener...
2024-07-30 15:51:06 INFO event_listener.py:52: Created named pipe yasb-79dc21a8-4e48-11ef-8947-a2d76830328d
2024-07-30 15:51:06 INFO bar_manager.py:60: Successfully loaded updated config and re-initialised all bars.
2024-07-30 15:51:06 INFO event_listener.py:106: Waiting for Komorebi to subscribe to named pipe yasb-79dc21a8-4e48-11ef-8947-a2d76830328d
2024-07-30 15:51:06 INFO event_listener.py:118: Komorebi connected to named pipe: yasb-79dc21a8-4e48-11ef-8947-a2d76830328d
2024-07-30 15:51:28 INFO tray.py:147: Reloading Application...
2024-07-30 15:51:29 INFO log.py:21: Yasb - Yet Another Status Bar
2024-07-30 15:51:29 DEBUG proactor_events.py:634: Using proactor: _IocpProactor
2024-07-30 15:51:29 DEBUG win32.py:58: Looking up time zone info from registry
2024-07-30 15:51:29 INFO weather.py:156: Fetched new weather data at 2024-07-30 15:51:29.860269
2024-07-30 15:51:30 DEBUG __init__.py:143: CoInitializeEx(None, 2)
2024-07-30 15:51:30 DEBUG unknwn.py:385: Release <POINTER(IMMDeviceEnumerator) ptr=0x133d867d380 at 133d9522450>
2024-07-30 15:51:31 INFO weather.py:156: Fetched new weather data at 2024-07-30 15:51:31.089296
2024-07-30 15:51:31 INFO bar_manager.py:70: Starting SystemEventListener...
2024-07-30 15:51:31 INFO bar_manager.py:70: Starting KomorebiEventListener...
2024-07-30 15:51:31 INFO event_listener.py:52: Created named pipe yasb-88db35d7-4e48-11ef-a953-a2d76830328d
2024-07-30 15:51:31 INFO event_listener.py:106: Waiting for Komorebi to subscribe to named pipe yasb-88db35d7-4e48-11ef-a953-a2d76830328d
2024-07-30 15:51:31 INFO watcher.py:39: Created file watcher for path C:\Users\beboy\.config\yasb
2024-07-30 15:51:31 DEBUG _windows.py:213: Starting (proactor: <_IocpProactor overlapped#=0 result#=0>)...
2024-07-30 15:51:31 DEBUG _windows.py:192: Thread started
2024-07-30 15:51:31 INFO event_listener.py:118: Komorebi connected to named pipe: yasb-88db35d7-4e48-11ef-a953-a2d76830328d
2024-07-30 15:52:46 ERROR config.py:80: The file 'C:\Users\beboy\.config\yasb\config.yaml' contains Parser Error(s). Please fix:
while parsing a block mapping
  in "C:\Users\beboy\.config\yasb\config.yaml", line 320, column 7
expected <block end>, but found '<scalar>'
  in "C:\Users\beboy\.config\yasb\config.yaml", line 322, column 34
2024-07-30 15:53:35 ERROR config.py:80: The file 'C:\Users\beboy\.config\yasb\config.yaml' contains Parser Error(s). Please fix:
while parsing a block mapping
  in "C:\Users\beboy\.config\yasb\config.yaml", line 320, column 7
expected <block end>, but found '<scalar>'
  in "C:\Users\beboy\.config\yasb\config.yaml", line 322, column 34
2024-07-30 15:53:35 INFO bar_manager.py:77: Stopping SystemEventListener...
2024-07-30 15:53:35 INFO bar_manager.py:77: Stopping KomorebiEventListener...
2024-07-30 15:53:35 INFO event_listener.py:93: Attempting to reconnect...
2024-07-30 15:53:36 INFO weather.py:156: Fetched new weather data at 2024-07-30 15:53:36.644304
2024-07-30 15:53:37 INFO weather.py:156: Fetched new weather data at 2024-07-30 15:53:37.067207
2024-07-30 15:53:37 INFO bar_manager.py:70: Starting SystemEventListener...
2024-07-30 15:53:37 INFO bar_manager.py:70: Starting KomorebiEventListener...
2024-07-30 15:53:37 INFO bar_manager.py:60: Successfully loaded updated config and re-initialised all bars.
2024-07-30 15:53:37 INFO event_listener.py:52: Created named pipe yasb-d3f1a3f1-4e48-11ef-9456-a2d76830328d
2024-07-30 15:53:37 INFO event_listener.py:106: Waiting for Komorebi to subscribe to named pipe yasb-d3f1a3f1-4e48-11ef-9456-a2d76830328d
2024-07-30 15:53:37 INFO event_listener.py:118: Komorebi connected to named pipe: yasb-d3f1a3f1-4e48-11ef-9456-a2d76830328d
2024-07-30 15:54:00 INFO bar_manager.py:77: Stopping SystemEventListener...
2024-07-30 15:54:00 INFO bar_manager.py:77: Stopping KomorebiEventListener...
2024-07-30 15:54:00 INFO event_listener.py:93: Attempting to reconnect...
2024-07-30 15:54:01 INFO weather.py:156: Fetched new weather data at 2024-07-30 15:54:01.660379
2024-07-30 15:54:02 INFO weather.py:156: Fetched new weather data at 2024-07-30 15:54:02.094524
2024-07-30 15:54:02 INFO bar_manager.py:70: Starting SystemEventListener...
2024-07-30 15:54:02 INFO bar_manager.py:70: Starting KomorebiEventListener...
2024-07-30 15:54:02 INFO bar_manager.py:60: Successfully loaded updated config and re-initialised all bars.
2024-07-30 15:54:02 INFO event_listener.py:52: Created named pipe yasb-e2dbc056-4e48-11ef-830f-a2d76830328d
2024-07-30 15:54:02 INFO event_listener.py:106: Waiting for Komorebi to subscribe to named pipe yasb-e2dbc056-4e48-11ef-830f-a2d76830328d
2024-07-30 15:54:02 INFO event_listener.py:118: Komorebi connected to named pipe: yasb-e2dbc056-4e48-11ef-830f-a2d76830328d
2024-07-30 15:54:26 INFO bar_manager.py:77: Stopping SystemEventListener...
2024-07-30 15:54:26 INFO bar_manager.py:77: Stopping KomorebiEventListener...
2024-07-30 15:54:26 INFO event_listener.py:93: Attempting to reconnect...
2024-07-30 15:54:27 INFO weather.py:156: Fetched new weather data at 2024-07-30 15:54:27.698131
2024-07-30 15:54:28 INFO weather.py:156: Fetched new weather data at 2024-07-30 15:54:28.155220
2024-07-30 15:54:28 INFO bar_manager.py:70: Starting SystemEventListener...
2024-07-30 15:54:28 INFO bar_manager.py:70: Starting KomorebiEventListener...
2024-07-30 15:54:28 INFO bar_manager.py:60: Successfully loaded updated config and re-initialised all bars.
2024-07-30 15:54:28 INFO event_listener.py:52: Created named pipe yasb-f2647ea0-4e48-11ef-b7a9-a2d76830328d
2024-07-30 15:54:28 INFO event_listener.py:106: Waiting for Komorebi to subscribe to named pipe yasb-f2647ea0-4e48-11ef-b7a9-a2d76830328d
2024-07-30 15:54:28 INFO event_listener.py:118: Komorebi connected to named pipe: yasb-f2647ea0-4e48-11ef-b7a9-a2d76830328d
2024-07-30 15:55:39 INFO bar_manager.py:45: Successfully loaded updated stylesheet and applied to all bars.
2024-07-30 15:55:48 INFO tray.py:147: Reloading Application...
2024-07-30 15:55:49 INFO log.py:21: Yasb - Yet Another Status Bar
2024-07-30 15:55:49 DEBUG proactor_events.py:634: Using proactor: _IocpProactor
2024-07-30 15:55:49 INFO weather.py:156: Fetched new weather data at 2024-07-30 15:55:49.924250
2024-07-30 15:55:50 DEBUG __init__.py:143: CoInitializeEx(None, 2)
2024-07-30 15:55:50 DEBUG unknwn.py:385: Release <POINTER(IMMDeviceEnumerator) ptr=0x1eff1423880 at 1eff2446450>
2024-07-30 15:55:51 INFO weather.py:156: Fetched new weather data at 2024-07-30 15:55:51.081944
2024-07-30 15:55:51 INFO bar_manager.py:70: Starting KomorebiEventListener...
2024-07-30 15:55:51 INFO bar_manager.py:70: Starting SystemEventListener...
2024-07-30 15:55:51 INFO event_listener.py:52: Created named pipe yasb-23c915ac-4e49-11ef-af38-a2d76830328d
2024-07-30 15:55:51 INFO event_listener.py:106: Waiting for Komorebi to subscribe to named pipe yasb-23c915ac-4e49-11ef-af38-a2d76830328d
2024-07-30 15:55:51 INFO watcher.py:39: Created file watcher for path C:\Users\beboy\.config\yasb
2024-07-30 15:55:51 DEBUG _windows.py:213: Starting (proactor: <_IocpProactor overlapped#=0 result#=0>)...
2024-07-30 15:55:51 DEBUG _windows.py:192: Thread started
2024-07-30 15:55:51 INFO event_listener.py:118: Komorebi connected to named pipe: yasb-23c915ac-4e49-11ef-af38-a2d76830328d
2024-07-30 15:55:57 INFO bar_manager.py:45: Successfully loaded updated stylesheet and applied to all bars.
2024-07-30 16:00:42 INFO bar_manager.py:45: Successfully loaded updated stylesheet and applied to all bars.
2024-07-30 16:05:05 INFO bar_manager.py:77: Stopping KomorebiEventListener...
2024-07-30 16:05:05 INFO event_listener.py:93: Attempting to reconnect...
2024-07-30 16:05:05 INFO bar_manager.py:77: Stopping SystemEventListener...
2024-07-30 16:05:06 INFO weather.py:156: Fetched new weather data at 2024-07-30 16:05:06.914066
2024-07-30 16:05:07 INFO weather.py:156: Fetched new weather data at 2024-07-30 16:05:07.404876
2024-07-30 16:05:07 INFO bar_manager.py:70: Starting KomorebiEventListener...
2024-07-30 16:05:07 INFO bar_manager.py:70: Starting SystemEventListener...
2024-07-30 16:05:07 INFO event_listener.py:52: Created named pipe yasb-6f62a4e9-4e4a-11ef-a2b3-a2d76830328d
2024-07-30 16:05:07 INFO event_listener.py:106: Waiting for Komorebi to subscribe to named pipe yasb-6f62a4e9-4e4a-11ef-a2b3-a2d76830328d
2024-07-30 16:05:07 INFO bar_manager.py:60: Successfully loaded updated config and re-initialised all bars.
2024-07-30 16:05:07 INFO event_listener.py:118: Komorebi connected to named pipe: yasb-6f62a4e9-4e4a-11ef-a2b3-a2d76830328d
2024-07-30 16:06:39 INFO bar_manager.py:77: Stopping KomorebiEventListener...
2024-07-30 16:06:39 INFO event_listener.py:93: Attempting to reconnect...
2024-07-30 16:06:39 INFO bar_manager.py:77: Stopping SystemEventListener...
2024-07-30 16:06:41 INFO weather.py:156: Fetched new weather data at 2024-07-30 16:06:41.038569
2024-07-30 16:06:41 INFO weather.py:156: Fetched new weather data at 2024-07-30 16:06:41.527503
2024-07-30 16:06:41 INFO bar_manager.py:70: Starting KomorebiEventListener...
2024-07-30 16:06:41 INFO bar_manager.py:70: Starting SystemEventListener...
2024-07-30 16:06:41 INFO event_listener.py:52: Created named pipe yasb-a77e7e31-4e4a-11ef-8ce9-a2d76830328d
2024-07-30 16:06:41 INFO bar_manager.py:60: Successfully loaded updated config and re-initialised all bars.
2024-07-30 16:06:41 INFO event_listener.py:106: Waiting for Komorebi to subscribe to named pipe yasb-a77e7e31-4e4a-11ef-8ce9-a2d76830328d
2024-07-30 16:06:41 INFO event_listener.py:118: Komorebi connected to named pipe: yasb-a77e7e31-4e4a-11ef-8ce9-a2d76830328d
2024-07-30 16:06:42 ERROR main.py:58: Unhandled exception
Traceback (most recent call last):
  File "C:\Users\beboy\AppData\Local\Programs\Python\Python312\Lib\site-packages\qasync\__init__.py", line 780, in _error_handler
    task.result()
  File "C:\Users\beboy\.config\yasb\core\widgets\yasb\media.py", line 128, in _update_label
    self._prev_label.setProperty("class", f"btn prev {disabled_if(media_info is None or not media_info['prev_available'])}")
RuntimeError: wrapped C/C++ object of type ClickableLabel has been deleted
2024-07-30 16:06:43 DEBUG unknwn.py:35: Calling CoUninitialize()
2024-07-30 16:06:43 DEBUG unknwn.py:47: CoUninitialize() done.
2024-07-30 16:06:50 INFO log.py:21: Yasb - Yet Another Status Bar
2024-07-30 16:06:50 DEBUG proactor_events.py:634: Using proactor: _IocpProactor
2024-07-30 16:06:51 INFO weather.py:156: Fetched new weather data at 2024-07-30 16:06:51.439104
2024-07-30 16:06:51 DEBUG __init__.py:143: CoInitializeEx(None, 2)
2024-07-30 16:06:51 DEBUG unknwn.py:385: Release <POINTER(IMMDeviceEnumerator) ptr=0x238a37a4870 at 238a47c2450>
2024-07-30 16:06:52 INFO weather.py:156: Fetched new weather data at 2024-07-30 16:06:52.685989
2024-07-30 16:06:52 INFO bar_manager.py:70: Starting KomorebiEventListener...
2024-07-30 16:06:52 INFO bar_manager.py:70: Starting SystemEventListener...
2024-07-30 16:06:52 INFO event_listener.py:52: Created named pipe yasb-ae230072-4e4a-11ef-bf5b-a2d76830328d
2024-07-30 16:06:52 INFO event_listener.py:106: Waiting for Komorebi to subscribe to named pipe yasb-ae230072-4e4a-11ef-bf5b-a2d76830328d
2024-07-30 16:06:52 INFO watcher.py:39: Created file watcher for path C:\Users\beboy\.config\yasb
2024-07-30 16:06:52 DEBUG _windows.py:213: Starting (proactor: <_IocpProactor overlapped#=0 result#=0>)...
2024-07-30 16:06:52 DEBUG _windows.py:192: Thread started
2024-07-30 16:06:52 INFO event_listener.py:118: Komorebi connected to named pipe: yasb-ae230072-4e4a-11ef-bf5b-a2d76830328d
2024-07-30 16:10:48 INFO bar_manager.py:77: Stopping KomorebiEventListener...
2024-07-30 16:10:48 INFO event_listener.py:93: Attempting to reconnect...
2024-07-30 16:10:49 INFO bar_manager.py:77: Stopping SystemEventListener...
2024-07-30 16:10:50 INFO weather.py:156: Fetched new weather data at 2024-07-30 16:10:50.315577
2024-07-30 16:10:50 INFO weather.py:156: Fetched new weather data at 2024-07-30 16:10:50.714612
2024-07-30 16:10:50 INFO bar_manager.py:70: Starting KomorebiEventListener...
2024-07-30 16:10:50 INFO bar_manager.py:70: Starting SystemEventListener...
2024-07-30 16:10:50 INFO event_listener.py:52: Created named pipe yasb-3c040dba-4e4b-11ef-8dd8-a2d76830328d
2024-07-30 16:10:50 INFO bar_manager.py:60: Successfully loaded updated config and re-initialised all bars.
2024-07-30 16:10:50 INFO event_listener.py:106: Waiting for Komorebi to subscribe to named pipe yasb-3c040dba-4e4b-11ef-8dd8-a2d76830328d
2024-07-30 16:10:51 INFO event_listener.py:118: Komorebi connected to named pipe: yasb-3c040dba-4e4b-11ef-8dd8-a2d76830328d
2024-07-30 16:10:51 ERROR main.py:58: Unhandled exception
Traceback (most recent call last):
  File "C:\Users\beboy\AppData\Local\Programs\Python\Python312\Lib\site-packages\qasync\__init__.py", line 780, in _error_handler
    task.result()
  File "C:\Users\beboy\.config\yasb\core\widgets\yasb\media.py", line 128, in _update_label
    self._prev_label.setProperty("class", f"btn prev {disabled_if(media_info is None or not media_info['prev_available'])}")
RuntimeError: wrapped C/C++ object of type ClickableLabel has been deleted
2024-07-30 16:10:52 DEBUG unknwn.py:35: Calling CoUninitialize()
2024-07-30 16:10:52 DEBUG unknwn.py:47: CoUninitialize() done.
2024-07-30 16:11:00 INFO log.py:21: Yasb - Yet Another Status Bar
2024-07-30 16:11:00 DEBUG proactor_events.py:634: Using proactor: _IocpProactor
2024-07-30 16:11:01 INFO weather.py:156: Fetched new weather data at 2024-07-30 16:11:01.174630
2024-07-30 16:11:01 DEBUG __init__.py:143: CoInitializeEx(None, 2)
2024-07-30 16:11:01 DEBUG unknwn.py:385: Release <POINTER(IMMDeviceEnumerator) ptr=0x1e9b23767c0 at 1e9b3166450>
2024-07-30 16:11:02 INFO weather.py:156: Fetched new weather data at 2024-07-30 16:11:02.342668
2024-07-30 16:11:02 INFO bar_manager.py:70: Starting SystemEventListener...
2024-07-30 16:11:02 INFO bar_manager.py:70: Starting KomorebiEventListener...
2024-07-30 16:11:02 INFO event_listener.py:52: Created named pipe yasb-42f8d3de-4e4b-11ef-bd29-a2d76830328d
2024-07-30 16:11:02 INFO event_listener.py:106: Waiting for Komorebi to subscribe to named pipe yasb-42f8d3de-4e4b-11ef-bd29-a2d76830328d
2024-07-30 16:11:02 INFO watcher.py:39: Created file watcher for path C:\Users\beboy\.config\yasb
2024-07-30 16:11:02 DEBUG _windows.py:213: Starting (proactor: <_IocpProactor overlapped#=0 result#=0>)...
2024-07-30 16:11:02 DEBUG _windows.py:192: Thread started
2024-07-30 16:11:02 INFO event_listener.py:118: Komorebi connected to named pipe: yasb-42f8d3de-4e4b-11ef-bd29-a2d76830328d
2024-07-30 16:13:21 INFO bar_manager.py:45: Successfully loaded updated stylesheet and applied to all bars.
2024-07-30 16:13:39 INFO bar_manager.py:45: Successfully loaded updated stylesheet and applied to all bars.
2024-07-30 16:13:44 INFO bar_manager.py:45: Successfully loaded updated stylesheet and applied to all bars.
2024-07-30 16:14:30 INFO bar_manager.py:45: Successfully loaded updated stylesheet and applied to all bars.
2024-07-30 16:14:46 INFO bar_manager.py:45: Successfully loaded updated stylesheet and applied to all bars.
2024-07-30 16:14:59 INFO bar_manager.py:45: Successfully loaded updated stylesheet and applied to all bars.
2024-07-30 16:15:07 INFO bar_manager.py:45: Successfully loaded updated stylesheet and applied to all bars.
2024-07-30 16:15:15 INFO bar_manager.py:45: Successfully loaded updated stylesheet and applied to all bars.
2024-07-30 16:15:38 INFO tray.py:147: Reloading Application...
2024-07-30 16:15:39 INFO log.py:21: Yasb - Yet Another Status Bar
2024-07-30 16:15:39 DEBUG proactor_events.py:634: Using proactor: _IocpProactor
2024-07-30 16:15:40 INFO weather.py:156: Fetched new weather data at 2024-07-30 16:15:40.047664
2024-07-30 16:15:40 DEBUG __init__.py:143: CoInitializeEx(None, 2)
2024-07-30 16:15:40 DEBUG unknwn.py:385: Release <POINTER(IMMDeviceEnumerator) ptr=0x20ef1ba8ce0 at 20ef2b26450>
2024-07-30 16:15:41 INFO weather.py:156: Fetched new weather data at 2024-07-30 16:15:41.322586
2024-07-30 16:15:41 INFO bar_manager.py:70: Starting SystemEventListener...
2024-07-30 16:15:41 INFO bar_manager.py:70: Starting KomorebiEventListener...
2024-07-30 16:15:41 INFO event_listener.py:52: Created named pipe yasb-e940e65d-4e4b-11ef-98b2-a2d76830328d
2024-07-30 16:15:41 INFO event_listener.py:106: Waiting for Komorebi to subscribe to named pipe yasb-e940e65d-4e4b-11ef-98b2-a2d76830328d
2024-07-30 16:15:41 INFO watcher.py:39: Created file watcher for path C:\Users\beboy\.config\yasb
2024-07-30 16:15:41 DEBUG _windows.py:213: Starting (proactor: <_IocpProactor overlapped#=0 result#=0>)...
2024-07-30 16:15:41 DEBUG _windows.py:192: Thread started
2024-07-30 16:15:41 INFO event_listener.py:118: Komorebi connected to named pipe: yasb-e940e65d-4e4b-11ef-98b2-a2d76830328d
